{"method":"POST","url":"/api/customers","timeStamp":"05/12/2023 16:46:51"}
{"method":"POST","url":"/api/customers/addVoucher","timeStamp":"05/12/2023 16:48:08"}
{"method":"PATCH","url":"/api/customers/addVoucher","timeStamp":"05/12/2023 16:48:28"}
{"method":"GET","url":"/api/employees/customers","timeStamp":"05/12/2023 16:48:45"}
{"message":"Invalid credential AT","method":"GET","url":"/api/employees/customers","timeStamp":"05/12/2023 16:48:45"}
{"method":"GET","url":"/api/employees/customers","timeStamp":"05/12/2023 16:48:59"}
{"method":"PATCH","url":"/api/customers/addVoucher","timeStamp":"05/12/2023 16:49:07"}
{"method":"GET","url":"/api/employees/customers","timeStamp":"05/12/2023 16:50:04"}
{"method":"PATCH","url":"/api/customers/addVoucher","timeStamp":"05/12/2023 16:51:06"}
{"method":"GET","url":"/api/employees/customers","timeStamp":"05/12/2023 16:51:11"}
{"method":"POST","url":"/api/customers","timeStamp":"05/12/2023 16:52:06"}
{"message":"Tạo người dùng thất bại, vui lòng thử lại","method":"POST","url":"/api/customers","timeStamp":"05/12/2023 16:52:06"}
{"method":"GET","url":"/api/employees/customers","timeStamp":"05/12/2023 16:52:15"}
{"method":"POST","url":"/api/customers","timeStamp":"05/12/2023 16:52:27"}
{"method":"POST","url":"/api/customers","timeStamp":"05/12/2023 16:52:31"}
{"message":"Tạo người dùng thất bại, vui lòng thử lại","method":"POST","url":"/api/customers","timeStamp":"05/12/2023 16:52:31"}
{"method":"POST","url":"/api/customers","timeStamp":"05/12/2023 16:53:16"}
{"message":"Tạo người dùng thất bại, vui lòng thử lại","method":"POST","url":"/api/customers","timeStamp":"05/12/2023 16:53:19"}
{"method":"POST","url":"/api/customers","timeStamp":"05/12/2023 16:53:21"}
{"method":"POST","url":"/api/customers","timeStamp":"05/12/2023 16:53:39"}
{"method":"POST","url":"/api/customers","timeStamp":"05/12/2023 16:53:41"}
{"method":"GET","url":"/api/employees/customers","timeStamp":"05/12/2023 16:54:10"}
{"method":"POST","url":"/api/customers","timeStamp":"05/12/2023 16:54:44"}
{"method":"PATCH","url":"/api/customers/addVoucher","timeStamp":"05/12/2023 16:54:48"}
{"method":"PATCH","url":"/api/customers/addVoucher","timeStamp":"05/12/2023 16:54:54"}
{"message":"Lấy voucher thất bại","method":"PATCH","url":"/api/customers/addVoucher","timeStamp":"05/12/2023 16:54:55"}
{"method":"GET","url":"/api/employees/customers","timeStamp":"05/12/2023 16:55:00"}
{"method":"PATCH","url":"/api/customers/addVoucher","timeStamp":"05/12/2023 16:55:03"}
{"message":"Mỗi người chỉ có duy nhất 1 lần nhận voucher","method":"PATCH","url":"/api/customers/addVoucher","timeStamp":"05/12/2023 16:55:03"}
{"method":"POST","url":"/api/customers","timeStamp":"05/12/2023 16:55:07"}
{"method":"GET","url":"/api/employees/customers","timeStamp":"05/12/2023 16:56:26"}
{"method":"GET","url":"/api/employees/customers","timeStamp":"05/12/2023 16:57:04"}
{"method":"POST","url":"/api/customers","timeStamp":"05/12/2023 16:57:16"}
{"method":"GET","url":"/api/employees/customers","timeStamp":"05/12/2023 16:57:20"}
{"method":"PATCH","url":"/api/customers/addVoucher","timeStamp":"05/12/2023 16:57:28"}
{"method":"GET","url":"/api/employees/customers","timeStamp":"05/12/2023 16:57:32"}
{"method":"PATCH","url":"/api/customers/addVoucher","timeStamp":"05/12/2023 16:57:39"}
{"message":"Mỗi người chỉ có duy nhất 1 lần nhận voucher","method":"PATCH","url":"/api/customers/addVoucher","timeStamp":"05/12/2023 16:57:40"}
{"method":"POST","url":"/api/customers","timeStamp":"05/12/2023 16:57:52"}
{"method":"GET","url":"/api/employees/customers","timeStamp":"05/12/2023 16:57:57"}
{"method":"PATCH","url":"/api/customers/addVoucher","timeStamp":"05/12/2023 16:58:04"}
{"message":"Lấy voucher thất bại","method":"PATCH","url":"/api/customers/addVoucher","timeStamp":"05/12/2023 16:58:05"}
{"method":"PATCH","url":"/api/customers/addVoucher","timeStamp":"05/12/2023 16:58:08"}
{"method":"PATCH","url":"/api/customers/addVoucher","timeStamp":"05/12/2023 16:58:10"}
{"message":"Mỗi người chỉ có duy nhất 1 lần nhận voucher","method":"PATCH","url":"/api/customers/addVoucher","timeStamp":"05/12/2023 16:58:11"}
{"method":"GET","url":"/api/employees/customers","timeStamp":"05/12/2023 16:58:13"}
