{"method":"GET","url":"/api/webs","timeStamp":"13/12/2023 08:44:32"}
{"message":"Invalid credential AT","method":"GET","url":"/api/webs","timeStamp":"13/12/2023 08:44:32"}
{"message":"Invalid credential AT","method":"GET","url":"/api/webs","timeStamp":"13/12/2023 08:44:50"}
{"method":"GET","url":"/api/webs","timeStamp":"13/12/2023 08:44:50"}
{"method":"POST","url":"/api/auth/login","timeStamp":"13/12/2023 08:45:00"}
{"method":"GET","url":"/api/webs","timeStamp":"13/12/2023 08:45:06"}
{"message":"Invalid credential AT","method":"GET","url":"/api/webs","timeStamp":"13/12/2023 08:45:06"}
{"method":"GET","url":"/api/webs","timeStamp":"13/12/2023 08:45:07"}
{"message":"Invalid credential AT","method":"GET","url":"/api/webs","timeStamp":"13/12/2023 08:45:07"}
{"method":"GET","url":"/api/webs","timeStamp":"13/12/2023 08:45:12"}
{"method":"DELETE","url":"/api/webs/123123213","employeeId":"656feea6e05243a284133d72","employeeEmail":"hson22102000@gmail.com","employeeRole":"ADMIN","employeeFullName":"administrator","iat":1702431901,"exp":1702435501,"timeStamp":"13/12/2023 08:46:58"}
{"message":"Invalid credential AT","method":"DELETE","url":"/api/webs/123123213","employeeId":"656feea6e05243a284133d72","employeeEmail":"hson22102000@gmail.com","employeeRole":"ADMIN","employeeFullName":"administrator","iat":1702431901,"exp":1702435501,"timeStamp":"13/12/2023 08:46:58"}
{"method":"DELETE","url":"/api/webs/123123213","employeeId":"656feea6e05243a284133d72","employeeEmail":"hson22102000@gmail.com","employeeRole":"ADMIN","employeeFullName":"administrator","iat":1702431901,"exp":1702435501,"timeStamp":"13/12/2023 08:47:08"}
{"message":"Không tìm thấy item với Id:123123213","method":"DELETE","url":"/api/webs/123123213","employeeId":"656feea6e05243a284133d72","employeeEmail":"hson22102000@gmail.com","employeeRole":"ADMIN","employeeFullName":"administrator","iat":1702431901,"exp":1702435501,"timeStamp":"13/12/2023 08:47:08"}
{"method":"PATCH","url":"/api/webs/123123","employeeId":"656feea6e05243a284133d72","employeeEmail":"hson22102000@gmail.com","employeeRole":"ADMIN","employeeFullName":"administrator","iat":1702431901,"exp":1702435501,"timeStamp":"13/12/2023 08:47:14"}
{"message":"Invalid credential AT","method":"PATCH","url":"/api/webs/123123","employeeId":"656feea6e05243a284133d72","employeeEmail":"hson22102000@gmail.com","employeeRole":"ADMIN","employeeFullName":"administrator","iat":1702431901,"exp":1702435501,"timeStamp":"13/12/2023 08:47:14"}
{"method":"PATCH","url":"/api/webs/123123","employeeId":"656feea6e05243a284133d72","employeeEmail":"hson22102000@gmail.com","employeeRole":"ADMIN","employeeFullName":"administrator","iat":1702431901,"exp":1702435501,"timeStamp":"13/12/2023 08:47:18"}
{"message":"Không tìm thấy item với Id:123123","method":"PATCH","url":"/api/webs/123123","employeeId":"656feea6e05243a284133d72","employeeEmail":"hson22102000@gmail.com","employeeRole":"ADMIN","employeeFullName":"administrator","iat":1702431901,"exp":1702435501,"timeStamp":"13/12/2023 08:47:18"}
{"method":"GET","url":"/api/webs","employeeId":"656feea6e05243a284133d72","employeeEmail":"hson22102000@gmail.com","employeeRole":"ADMIN","employeeFullName":"administrator","iat":1702431901,"exp":1702435501,"timeStamp":"13/12/2023 08:49:31"}
{"method":"PATCH","url":"/api/webs/65782b942cd86b3d121cf594","employeeId":"656feea6e05243a284133d72","employeeEmail":"hson22102000@gmail.com","employeeRole":"ADMIN","employeeFullName":"administrator","iat":1702431901,"exp":1702435501,"timeStamp":"13/12/2023 08:50:53"}
{"method":"GET","url":"/api/webs","employeeId":"656feea6e05243a284133d72","employeeEmail":"hson22102000@gmail.com","employeeRole":"ADMIN","employeeFullName":"administrator","iat":1702431901,"exp":1702435501,"timeStamp":"13/12/2023 08:50:57"}
{"method":"DELETE","url":"/api/webs/65782b942cd86b3d121cf591","employeeId":"656feea6e05243a284133d72","employeeEmail":"hson22102000@gmail.com","employeeRole":"ADMIN","employeeFullName":"administrator","iat":1702431901,"exp":1702435501,"timeStamp":"13/12/2023 08:51:16"}
{"message":"Xóa thất bại","method":"DELETE","url":"/api/webs/65782b942cd86b3d121cf591","employeeId":"656feea6e05243a284133d72","employeeEmail":"hson22102000@gmail.com","employeeRole":"ADMIN","employeeFullName":"administrator","iat":1702431901,"exp":1702435501,"timeStamp":"13/12/2023 08:51:17"}
{"method":"DELETE","url":"/api/webs/65782b942cd86b3d121cf594","timeStamp":"13/12/2023 08:52:04"}
{"method":"PATCH","url":"/api/webs/65782b942cd86b3d121cf594","employeeId":"656feea6e05243a284133d72","employeeEmail":"hson22102000@gmail.com","employeeRole":"ADMIN","employeeFullName":"administrator","iat":1702431901,"exp":1702435501,"timeStamp":"13/12/2023 08:52:14"}
{"message":"Cập nhật thất bại","method":"PATCH","url":"/api/webs/65782b942cd86b3d121cf594","employeeId":"656feea6e05243a284133d72","employeeEmail":"hson22102000@gmail.com","employeeRole":"ADMIN","employeeFullName":"administrator","iat":1702431901,"exp":1702435501,"timeStamp":"13/12/2023 08:52:14"}
{"method":"GET","url":"/api/webs","employeeId":"656feea6e05243a284133d72","employeeEmail":"hson22102000@gmail.com","employeeRole":"ADMIN","employeeFullName":"administrator","iat":1702431901,"exp":1702435501,"timeStamp":"13/12/2023 08:52:17"}
{"method":"GET","url":"/api/webs","employeeId":"656feea6e05243a284133d72","employeeEmail":"hson22102000@gmail.com","employeeRole":"ADMIN","employeeFullName":"administrator","iat":1702431901,"exp":1702435501,"timeStamp":"13/12/2023 08:54:14"}
{"method":"POST","url":"/api/webs","employeeId":"656feea6e05243a284133d72","employeeEmail":"hson22102000@gmail.com","employeeRole":"ADMIN","employeeFullName":"administrator","iat":1702431901,"exp":1702435501,"timeStamp":"13/12/2023 08:54:18"}
{"message":"Invalid credential AT","method":"POST","url":"/api/webs","employeeId":"656feea6e05243a284133d72","employeeEmail":"hson22102000@gmail.com","employeeRole":"ADMIN","employeeFullName":"administrator","iat":1702431901,"exp":1702435501,"timeStamp":"13/12/2023 08:54:18"}
{"method":"POST","url":"/api/webs","employeeId":"656feea6e05243a284133d72","employeeEmail":"hson22102000@gmail.com","employeeRole":"ADMIN","employeeFullName":"administrator","iat":1702431901,"exp":1702435501,"timeStamp":"13/12/2023 08:54:24"}
{"method":"GET","url":"/api/webs","employeeId":"656feea6e05243a284133d72","employeeEmail":"hson22102000@gmail.com","employeeRole":"ADMIN","employeeFullName":"administrator","iat":1702431901,"exp":1702435501,"timeStamp":"13/12/2023 08:54:28"}
{"method":"POST","url":"/api/vouchers","employeeId":"656feea6e05243a284133d72","employeeEmail":"hson22102000@gmail.com","employeeRole":"ADMIN","employeeFullName":"administrator","iat":1702431901,"exp":1702435501,"timeStamp":"13/12/2023 08:54:36"}
{"message":"Invalid credential AT","method":"POST","url":"/api/vouchers","employeeId":"656feea6e05243a284133d72","employeeEmail":"hson22102000@gmail.com","employeeRole":"ADMIN","employeeFullName":"administrator","iat":1702431901,"exp":1702435501,"timeStamp":"13/12/2023 08:54:36"}
{"method":"POST","url":"/api/vouchers","employeeId":"656feea6e05243a284133d72","employeeEmail":"hson22102000@gmail.com","employeeRole":"ADMIN","employeeFullName":"administrator","iat":1702431901,"exp":1702435501,"timeStamp":"13/12/2023 08:54:48"}
{"method":"GET","url":"/api/vouchers","employeeId":"656feea6e05243a284133d72","employeeEmail":"hson22102000@gmail.com","employeeRole":"ADMIN","employeeFullName":"administrator","iat":1702431901,"exp":1702435501,"timeStamp":"13/12/2023 08:55:13"}
{"method":"PATCH","url":"/api/vouchers/65782efbe89635ad92da943c","employeeId":"656feea6e05243a284133d72","employeeEmail":"hson22102000@gmail.com","employeeRole":"ADMIN","employeeFullName":"administrator","iat":1702431901,"exp":1702435501,"timeStamp":"13/12/2023 08:55:54"}
{"method":"PATCH","url":"/api/vouchers/65782ef8e89635ad92da9439","employeeId":"656feea6e05243a284133d72","employeeEmail":"hson22102000@gmail.com","employeeRole":"ADMIN","employeeFullName":"administrator","iat":1702431901,"exp":1702435501,"timeStamp":"13/12/2023 08:56:01"}
{"method":"GET","url":"/api/vouchers","employeeId":"656feea6e05243a284133d72","employeeEmail":"hson22102000@gmail.com","employeeRole":"ADMIN","employeeFullName":"administrator","iat":1702431901,"exp":1702435501,"timeStamp":"13/12/2023 08:56:03"}
{"method":"DELETE","url":"/api/vouchers/65782ef8e89635ad92da9439","employeeId":"656feea6e05243a284133d72","employeeEmail":"hson22102000@gmail.com","employeeRole":"ADMIN","employeeFullName":"administrator","iat":1702431901,"exp":1702435501,"timeStamp":"13/12/2023 08:56:10"}
{"method":"GET","url":"/api/vouchers","timeStamp":"13/12/2023 08:56:44"}
{"method":"DELETE","url":"/api/vouchers/65782efbe89635ad92da943c","employeeId":"656feea6e05243a284133d72","employeeEmail":"hson22102000@gmail.com","employeeRole":"ADMIN","employeeFullName":"administrator","iat":1702431901,"exp":1702435501,"timeStamp":"13/12/2023 08:56:53"}
{"method":"GET","url":"/api/vouchers","employeeId":"656feea6e05243a284133d72","employeeEmail":"hson22102000@gmail.com","employeeRole":"ADMIN","employeeFullName":"administrator","iat":1702431901,"exp":1702435501,"timeStamp":"13/12/2023 08:57:01"}
{"method":"PATCH","url":"/api/vouchers/65782ef8e89635ad92da9439","employeeId":"656feea6e05243a284133d72","employeeEmail":"hson22102000@gmail.com","employeeRole":"ADMIN","employeeFullName":"administrator","iat":1702431901,"exp":1702435501,"timeStamp":"13/12/2023 08:57:40"}
{"message":"Cập nhật voucher thất bại","method":"PATCH","url":"/api/vouchers/65782ef8e89635ad92da9439","employeeId":"656feea6e05243a284133d72","employeeEmail":"hson22102000@gmail.com","employeeRole":"ADMIN","employeeFullName":"administrator","iat":1702431901,"exp":1702435501,"timeStamp":"13/12/2023 08:57:40"}
{"method":"GET","url":"/api/vouchers","employeeId":"656feea6e05243a284133d72","employeeEmail":"hson22102000@gmail.com","employeeRole":"ADMIN","employeeFullName":"administrator","iat":1702431901,"exp":1702435501,"timeStamp":"13/12/2023 08:57:46"}
{"method":"PATCH","url":"/api/vouchers/65790ee92e21d37111625b24","employeeId":"656feea6e05243a284133d72","employeeEmail":"hson22102000@gmail.com","employeeRole":"ADMIN","employeeFullName":"administrator","iat":1702431901,"exp":1702435501,"timeStamp":"13/12/2023 08:57:51"}
{"method":"PATCH","url":"/api/vouchers/65790ee92e21d37111625b24","employeeId":"656feea6e05243a284133d72","employeeEmail":"hson22102000@gmail.com","employeeRole":"ADMIN","employeeFullName":"administrator","iat":1702431901,"exp":1702435501,"timeStamp":"13/12/2023 08:57:55"}
{"message":"Không tìm thấy item với Id:65790ed02e21d37111625b1d2","method":"PATCH","url":"/api/vouchers/65790ee92e21d37111625b24","employeeId":"656feea6e05243a284133d72","employeeEmail":"hson22102000@gmail.com","employeeRole":"ADMIN","employeeFullName":"administrator","iat":1702431901,"exp":1702435501,"timeStamp":"13/12/2023 08:57:55"}
{"method":"PATCH","url":"/api/vouchers/65790ee92e21d37111625b24","employeeId":"656feea6e05243a284133d72","employeeEmail":"hson22102000@gmail.com","employeeRole":"ADMIN","employeeFullName":"administrator","iat":1702431901,"exp":1702435501,"timeStamp":"13/12/2023 08:58:01"}
{"method":"PATCH","url":"/api/vouchers/65790ee92e21d37111625b24","employeeId":"656feea6e05243a284133d72","employeeEmail":"hson22102000@gmail.com","employeeRole":"ADMIN","employeeFullName":"administrator","iat":1702431901,"exp":1702435501,"timeStamp":"13/12/2023 08:58:05"}
{"message":"Không tìm thấy item với Id:65790ed02e21d37111625b1d1","method":"PATCH","url":"/api/vouchers/65790ee92e21d37111625b24","employeeId":"656feea6e05243a284133d72","employeeEmail":"hson22102000@gmail.com","employeeRole":"ADMIN","employeeFullName":"administrator","iat":1702431901,"exp":1702435501,"timeStamp":"13/12/2023 08:58:05"}
{"method":"PATCH","url":"/api/vouchers/65790ee92e21d37111625b24","employeeId":"656feea6e05243a284133d72","employeeEmail":"hson22102000@gmail.com","employeeRole":"ADMIN","employeeFullName":"administrator","iat":1702431901,"exp":1702435501,"timeStamp":"13/12/2023 08:58:09"}
{"method":"PATCH","url":"/api/vouchers/65790ee92e21d37111625b24","timeStamp":"13/12/2023 09:02:15"}
{"message":"Web không tồn tại","method":"PATCH","url":"/api/vouchers/65790ee92e21d37111625b24","employeeId":"656feea6e05243a284133d72","employeeEmail":"hson22102000@gmail.com","employeeRole":"ADMIN","employeeFullName":"administrator","iat":1702431901,"exp":1702435501,"timeStamp":"13/12/2023 09:02:19"}
{"method":"POST","url":"/api/vouchers","timeStamp":"13/12/2023 09:08:54"}
{"message":"Tạo voucher thất bại","method":"POST","url":"/api/vouchers","employeeId":"656feea6e05243a284133d72","employeeEmail":"hson22102000@gmail.com","employeeRole":"ADMIN","employeeFullName":"administrator","iat":1702431901,"exp":1702435501,"timeStamp":"13/12/2023 09:08:55"}
{"method":"POST","url":"/api/vouchers","employeeId":"656feea6e05243a284133d72","employeeEmail":"hson22102000@gmail.com","employeeRole":"ADMIN","employeeFullName":"administrator","iat":1702431901,"exp":1702435501,"timeStamp":"13/12/2023 09:09:20"}
{"message":"Tạo voucher thất bại","method":"POST","url":"/api/vouchers","employeeId":"656feea6e05243a284133d72","employeeEmail":"hson22102000@gmail.com","employeeRole":"ADMIN","employeeFullName":"administrator","iat":1702431901,"exp":1702435501,"timeStamp":"13/12/2023 09:09:21"}
{"method":"POST","url":"/api/vouchers","timeStamp":"13/12/2023 09:09:41"}
{"message":"Tạo voucher thất bại","method":"POST","url":"/api/vouchers","employeeId":"656feea6e05243a284133d72","employeeEmail":"hson22102000@gmail.com","employeeRole":"ADMIN","employeeFullName":"administrator","iat":1702431901,"exp":1702435501,"timeStamp":"13/12/2023 09:09:42"}
{"method":"POST","url":"/api/vouchers","employeeId":"656feea6e05243a284133d72","employeeEmail":"hson22102000@gmail.com","employeeRole":"ADMIN","employeeFullName":"administrator","iat":1702431901,"exp":1702435501,"timeStamp":"13/12/2023 09:09:55"}
{"message":"Nguồn sự kiện không tồn tại","method":"POST","url":"/api/vouchers","employeeId":"656feea6e05243a284133d72","employeeEmail":"hson22102000@gmail.com","employeeRole":"ADMIN","employeeFullName":"administrator","iat":1702431901,"exp":1702435501,"timeStamp":"13/12/2023 09:09:55"}
{"method":"POST","url":"/api/vouchers","employeeId":"656feea6e05243a284133d72","employeeEmail":"hson22102000@gmail.com","employeeRole":"ADMIN","employeeFullName":"administrator","iat":1702431901,"exp":1702435501,"timeStamp":"13/12/2023 09:09:58"}
{"message":"Nguồn sự kiện không tồn tại","method":"POST","url":"/api/vouchers","employeeId":"656feea6e05243a284133d72","employeeEmail":"hson22102000@gmail.com","employeeRole":"ADMIN","employeeFullName":"administrator","iat":1702431901,"exp":1702435501,"timeStamp":"13/12/2023 09:09:59"}
{"method":"POST","url":"/api/vouchers","timeStamp":"13/12/2023 09:10:15"}
{"message":"Tạo voucher thất bại","method":"POST","url":"/api/vouchers","employeeId":"656feea6e05243a284133d72","employeeEmail":"hson22102000@gmail.com","employeeRole":"ADMIN","employeeFullName":"administrator","iat":1702431901,"exp":1702435501,"timeStamp":"13/12/2023 09:10:16"}
{"method":"POST","url":"/api/vouchers","timeStamp":"13/12/2023 09:10:33"}
{"message":"Tạo voucher thất bại","method":"POST","url":"/api/vouchers","employeeId":"656feea6e05243a284133d72","employeeEmail":"hson22102000@gmail.com","employeeRole":"ADMIN","employeeFullName":"administrator","iat":1702431901,"exp":1702435501,"timeStamp":"13/12/2023 09:10:37"}
{"method":"POST","url":"/api/vouchers","employeeId":"656feea6e05243a284133d72","employeeEmail":"hson22102000@gmail.com","employeeRole":"ADMIN","employeeFullName":"administrator","iat":1702431901,"exp":1702435501,"timeStamp":"13/12/2023 09:10:56"}
{"method":"POST","url":"/api/vouchers","employeeId":"656feea6e05243a284133d72","employeeEmail":"hson22102000@gmail.com","employeeRole":"ADMIN","employeeFullName":"administrator","iat":1702431901,"exp":1702435501,"timeStamp":"13/12/2023 09:11:05"}
{"message":"Không tìm thấy item với Id:65790ed02e21d37111625b1ư","method":"POST","url":"/api/vouchers","employeeId":"656feea6e05243a284133d72","employeeEmail":"hson22102000@gmail.com","employeeRole":"ADMIN","employeeFullName":"administrator","iat":1702431901,"exp":1702435501,"timeStamp":"13/12/2023 09:11:05"}
{"method":"POST","url":"/api/vouchers","employeeId":"656feea6e05243a284133d72","employeeEmail":"hson22102000@gmail.com","employeeRole":"ADMIN","employeeFullName":"administrator","iat":1702431901,"exp":1702435501,"timeStamp":"13/12/2023 09:11:10"}
{"method":"POST","url":"/api/vouchers","timeStamp":"13/12/2023 09:11:53"}
{"method":"POST","url":"/api/vouchers","timeStamp":"13/12/2023 09:12:08"}
{"message":"Web không tồn tại","method":"POST","url":"/api/vouchers","employeeId":"656feea6e05243a284133d72","employeeEmail":"hson22102000@gmail.com","employeeRole":"ADMIN","employeeFullName":"administrator","iat":1702431901,"exp":1702435501,"timeStamp":"13/12/2023 09:12:11"}
{"method":"POST","url":"/api/vouchers","timeStamp":"13/12/2023 09:13:45"}
{"message":"Web không tồn tại","method":"POST","url":"/api/vouchers","employeeId":"656feea6e05243a284133d72","employeeEmail":"hson22102000@gmail.com","employeeRole":"ADMIN","employeeFullName":"administrator","iat":1702431901,"exp":1702435501,"timeStamp":"13/12/2023 09:13:45"}
{"method":"POST","url":"/api/vouchers","employeeId":"656feea6e05243a284133d72","employeeEmail":"hson22102000@gmail.com","employeeRole":"ADMIN","employeeFullName":"administrator","iat":1702431901,"exp":1702435501,"timeStamp":"13/12/2023 09:14:01"}
{"method":"POST","url":"/api/vouchers","employeeId":"656feea6e05243a284133d72","employeeEmail":"hson22102000@gmail.com","employeeRole":"ADMIN","employeeFullName":"administrator","iat":1702431901,"exp":1702435501,"timeStamp":"13/12/2023 09:14:04"}
{"message":"Tạo voucher thất bại","method":"POST","url":"/api/vouchers","employeeId":"656feea6e05243a284133d72","employeeEmail":"hson22102000@gmail.com","employeeRole":"ADMIN","employeeFullName":"administrator","iat":1702431901,"exp":1702435501,"timeStamp":"13/12/2023 09:14:05"}
{"method":"POST","url":"/api/vouchers","timeStamp":"13/12/2023 09:14:48"}
{"message":"Tạo voucher thất bại","method":"POST","url":"/api/vouchers","employeeId":"656feea6e05243a284133d72","employeeEmail":"hson22102000@gmail.com","employeeRole":"ADMIN","employeeFullName":"administrator","iat":1702431901,"exp":1702435501,"timeStamp":"13/12/2023 09:14:54"}
{"method":"POST","url":"/api/vouchers","timeStamp":"13/12/2023 09:15:33"}
{"message":"Dữ liệu của trường voucher_name đã bị trùng","method":"POST","url":"/api/vouchers","employeeId":"656feea6e05243a284133d72","employeeEmail":"hson22102000@gmail.com","employeeRole":"ADMIN","employeeFullName":"administrator","iat":1702431901,"exp":1702435501,"timeStamp":"13/12/2023 09:15:35"}
{"method":"POST","url":"/api/vouchers","timeStamp":"13/12/2023 09:17:07"}
{"message":"Dữ liệu của trường voucher_name đã tồn tại giá trị Giảm giá 5011021k","method":"POST","url":"/api/vouchers","employeeId":"656feea6e05243a284133d72","employeeEmail":"hson22102000@gmail.com","employeeRole":"ADMIN","employeeFullName":"administrator","iat":1702431901,"exp":1702435501,"timeStamp":"13/12/2023 09:17:11"}
{"method":"POST","url":"/api/vouchers","timeStamp":"13/12/2023 09:17:32"}
{"message":"Dữ liệu của trường voucher_name đã tồn tại giá trị \"Giảm giá 5011021k\"","method":"POST","url":"/api/vouchers","employeeId":"656feea6e05243a284133d72","employeeEmail":"hson22102000@gmail.com","employeeRole":"ADMIN","employeeFullName":"administrator","iat":1702431901,"exp":1702435501,"timeStamp":"13/12/2023 09:17:37"}
{"method":"POST","url":"/api/vouchers","timeStamp":"13/12/2023 09:18:49"}
{"message":{"voucher_name":{"name":"ValidatorError","message":"Vui lòng bổ sung họ và tên","properties":{"message":"Vui lòng bổ sung họ và tên","type":"required","path":"voucher_name"},"kind":"required","path":"voucher_name"}},"method":"POST","url":"/api/vouchers","employeeId":"656feea6e05243a284133d72","employeeEmail":"hson22102000@gmail.com","employeeRole":"ADMIN","employeeFullName":"administrator","iat":1702431901,"exp":1702435501,"timeStamp":"13/12/2023 09:18:49"}
{"method":"POST","url":"/api/vouchers","timeStamp":"13/12/2023 09:21:32"}
{"message":{"voucher_name":{"name":"ValidatorError","message":"Vui lòng bổ sung họ và tên","properties":{"message":"Vui lòng bổ sung họ và tên","type":"required","path":"voucher_name"},"kind":"required","path":"voucher_name"}},"method":"POST","url":"/api/vouchers","employeeId":"656feea6e05243a284133d72","employeeEmail":"hson22102000@gmail.com","employeeRole":"ADMIN","employeeFullName":"administrator","iat":1702431901,"exp":1702435501,"timeStamp":"13/12/2023 09:21:35"}
{"method":"POST","url":"/api/vouchers","timeStamp":"13/12/2023 09:23:02"}
{"message":{"voucher_name":{"name":"ValidatorError","message":"Vui lòng bổ sung họ và tên","properties":{"message":"Vui lòng bổ sung họ và tên","type":"required","path":"voucher_name"},"kind":"required","path":"voucher_name"}},"method":"POST","url":"/api/vouchers","employeeId":"656feea6e05243a284133d72","employeeEmail":"hson22102000@gmail.com","employeeRole":"ADMIN","employeeFullName":"administrator","iat":1702431901,"exp":1702435501,"timeStamp":"13/12/2023 09:23:03"}
{"method":"POST","url":"/api/vouchers","timeStamp":"13/12/2023 09:24:40"}
{"method":"POST","url":"/api/vouchers","employeeId":"656feea6e05243a284133d72","employeeEmail":"hson22102000@gmail.com","employeeRole":"ADMIN","employeeFullName":"administrator","iat":1702431901,"exp":1702435501,"timeStamp":"13/12/2023 09:24:42"}
{"method":"POST","url":"/api/vouchers","employeeId":"656feea6e05243a284133d72","employeeEmail":"hson22102000@gmail.com","employeeRole":"ADMIN","employeeFullName":"administrator","iat":1702431901,"exp":1702435501,"timeStamp":"13/12/2023 09:24:43"}
{"method":"POST","url":"/api/vouchers","employeeId":"656feea6e05243a284133d72","employeeEmail":"hson22102000@gmail.com","employeeRole":"ADMIN","employeeFullName":"administrator","iat":1702431901,"exp":1702435501,"timeStamp":"13/12/2023 09:24:52"}
{"message":"Vui lòng bổ sung họ và tên","method":"POST","url":"/api/vouchers","employeeId":"656feea6e05243a284133d72","employeeEmail":"hson22102000@gmail.com","employeeRole":"ADMIN","employeeFullName":"administrator","iat":1702431901,"exp":1702435501,"timeStamp":"13/12/2023 09:24:53"}
{"method":"POST","url":"/api/vouchers","employeeId":"656feea6e05243a284133d72","employeeEmail":"hson22102000@gmail.com","employeeRole":"ADMIN","employeeFullName":"administrator","iat":1702431901,"exp":1702435501,"timeStamp":"13/12/2023 09:25:00"}
{"method":"POST","url":"/api/vouchers","timeStamp":"13/12/2023 09:25:53"}
{"method":"POST","url":"/api/vouchers","timeStamp":"13/12/2023 09:26:09"}
{"message":"Web không tồn tại","method":"POST","url":"/api/vouchers","employeeId":"656feea6e05243a284133d72","employeeEmail":"hson22102000@gmail.com","employeeRole":"ADMIN","employeeFullName":"administrator","iat":1702431901,"exp":1702435501,"timeStamp":"13/12/2023 09:26:12"}
{"method":"POST","url":"/api/vouchers","employeeId":"656feea6e05243a284133d72","employeeEmail":"hson22102000@gmail.com","employeeRole":"ADMIN","employeeFullName":"administrator","iat":1702431901,"exp":1702435501,"timeStamp":"13/12/2023 09:26:20"}
{"message":{"voucher_value":{"name":"ValidatorError","message":"Vui lòng bổ sung giá trị voucher","properties":{"message":"Vui lòng bổ sung giá trị voucher","type":"required","path":"voucher_value"},"kind":"required","path":"voucher_value"},"voucher_name":{"name":"ValidatorError","message":"Vui lòng bổ sung họ và tên","properties":{"message":"Vui lòng bổ sung họ và tên","type":"required","path":"voucher_name"},"kind":"required","path":"voucher_name"}},"method":"POST","url":"/api/vouchers","employeeId":"656feea6e05243a284133d72","employeeEmail":"hson22102000@gmail.com","employeeRole":"ADMIN","employeeFullName":"administrator","iat":1702431901,"exp":1702435501,"timeStamp":"13/12/2023 09:26:20"}
{"method":"POST","url":"/api/vouchers","timeStamp":"13/12/2023 09:26:57"}
{"message":{"voucher_value":{"name":"ValidatorError","message":"Vui lòng bổ sung giá trị voucher","properties":{"message":"Vui lòng bổ sung giá trị voucher","type":"required","path":"voucher_value"},"kind":"required","path":"voucher_value"},"voucher_name":{"name":"ValidatorError","message":"Vui lòng bổ sung họ và tên","properties":{"message":"Vui lòng bổ sung họ và tên","type":"required","path":"voucher_name"},"kind":"required","path":"voucher_name"}},"method":"POST","url":"/api/vouchers","employeeId":"656feea6e05243a284133d72","employeeEmail":"hson22102000@gmail.com","employeeRole":"ADMIN","employeeFullName":"administrator","iat":1702431901,"exp":1702435501,"timeStamp":"13/12/2023 09:27:01"}
{"method":"POST","url":"/api/vouchers","timeStamp":"13/12/2023 09:27:58"}
{"message":"Vui lòng bổ sung giá trị voucher","method":"POST","url":"/api/vouchers","employeeId":"656feea6e05243a284133d72","employeeEmail":"hson22102000@gmail.com","employeeRole":"ADMIN","employeeFullName":"administrator","iat":1702431901,"exp":1702435501,"timeStamp":"13/12/2023 09:28:02"}
{"method":"POST","url":"/api/vouchers","employeeId":"656feea6e05243a284133d72","employeeEmail":"hson22102000@gmail.com","employeeRole":"ADMIN","employeeFullName":"administrator","iat":1702431901,"exp":1702435501,"timeStamp":"13/12/2023 09:28:12"}
{"message":"Vui lòng bổ sung họ và tên","method":"POST","url":"/api/vouchers","employeeId":"656feea6e05243a284133d72","employeeEmail":"hson22102000@gmail.com","employeeRole":"ADMIN","employeeFullName":"administrator","iat":1702431901,"exp":1702435501,"timeStamp":"13/12/2023 09:28:13"}
{"method":"POST","url":"/api/vouchers","timeStamp":"13/12/2023 09:29:43"}
{"message":"Path `voucher_name` is required.","method":"POST","url":"/api/vouchers","employeeId":"656feea6e05243a284133d72","employeeEmail":"hson22102000@gmail.com","employeeRole":"ADMIN","employeeFullName":"administrator","iat":1702431901,"exp":1702435501,"timeStamp":"13/12/2023 09:29:47"}
{"method":"POST","url":"/api/vouchers","timeStamp":"13/12/2023 09:36:46"}
{"message":"Dữ liệu của trường voucher_name đã tồn tại giá trị \"Giảm giá 5011021k\"","method":"POST","url":"/api/vouchers","employeeId":"656feea6e05243a284133d72","employeeEmail":"hson22102000@gmail.com","employeeRole":"ADMIN","employeeFullName":"administrator","iat":1702431901,"exp":1702435501,"timeStamp":"13/12/2023 09:36:47"}
{"method":"POST","url":"/api/vouchers","timeStamp":"13/12/2023 09:37:03"}
{"message":"Dữ liệu của trường voucher_name đã tồn tại giá trị \"Giảm giá 5011021k\"","method":"POST","url":"/api/vouchers","employeeId":"656feea6e05243a284133d72","employeeEmail":"hson22102000@gmail.com","employeeRole":"ADMIN","employeeFullName":"administrator","iat":1702431901,"exp":1702435501,"timeStamp":"13/12/2023 09:37:07"}
{"method":"POST","url":"/api/vouchers","timeStamp":"13/12/2023 09:38:13"}
{"message":"Dữ liệu của trường voucher_name đã tồn tại giá trị \"Giảm giá 5011021k\"","method":"POST","url":"/api/vouchers","employeeId":"656feea6e05243a284133d72","employeeEmail":"hson22102000@gmail.com","employeeRole":"ADMIN","employeeFullName":"administrator","iat":1702431901,"exp":1702435501,"timeStamp":"13/12/2023 09:38:18"}
{"method":"POST","url":"/api/vouchers","timeStamp":"13/12/2023 09:38:45"}
{"message":"Dữ liệu của trường voucher_name đã tồn tại giá trị \"Giảm giá 5011021k\"","method":"POST","url":"/api/vouchers","employeeId":"656feea6e05243a284133d72","employeeEmail":"hson22102000@gmail.com","employeeRole":"ADMIN","employeeFullName":"administrator","iat":1702431901,"exp":1702435501,"timeStamp":"13/12/2023 09:38:49"}
{"method":"POST","url":"/api/vouchers","timeStamp":"13/12/2023 09:39:33"}
{"message":"Dữ liệu của trường voucher_name đã tồn tại giá trị \"Giảm giá 5011021k\"","method":"POST","url":"/api/vouchers","employeeId":"656feea6e05243a284133d72","employeeEmail":"hson22102000@gmail.com","employeeRole":"ADMIN","employeeFullName":"administrator","iat":1702431901,"exp":1702435501,"timeStamp":"13/12/2023 09:39:41"}
{"method":"POST","url":"/api/vouchers","timeStamp":"13/12/2023 09:41:01"}
{"method":"POST","url":"/api/vouchers","timeStamp":"13/12/2023 09:42:02"}
{"method":"POST","url":"/api/vouchers","timeStamp":"13/12/2023 09:42:43"}
{"message":"Dữ liệu của trường voucher_name đã tồn tại giá trị \"Giảm giá 5011021k\"","method":"POST","url":"/api/vouchers","employeeId":"656feea6e05243a284133d72","employeeEmail":"hson22102000@gmail.com","employeeRole":"ADMIN","employeeFullName":"administrator","iat":1702431901,"exp":1702435501,"timeStamp":"13/12/2023 09:42:47"}
{"method":"POST","url":"/api/vouchers","timeStamp":"13/12/2023 09:43:25"}
{"message":"Dữ liệu của trường voucher_name đã tồn tại giá trị {Giảm giá 5011021k}","method":"POST","url":"/api/vouchers","employeeId":"656feea6e05243a284133d72","employeeEmail":"hson22102000@gmail.com","employeeRole":"ADMIN","employeeFullName":"administrator","iat":1702431901,"exp":1702435501,"timeStamp":"13/12/2023 09:43:29"}
{"method":"GET","url":"/api/vouchers","timeStamp":"13/12/2023 09:44:27"}
{"method":"DELETE","url":"/api/vouchers/657912b0372daec0c07bc67a","employeeId":"656feea6e05243a284133d72","employeeEmail":"hson22102000@gmail.com","employeeRole":"ADMIN","employeeFullName":"administrator","iat":1702431901,"exp":1702435501,"timeStamp":"13/12/2023 09:44:37"}
{"method":"DELETE","url":"/api/vouchers/657912be372daec0c07bc67f","employeeId":"656feea6e05243a284133d72","employeeEmail":"hson22102000@gmail.com","employeeRole":"ADMIN","employeeFullName":"administrator","iat":1702431901,"exp":1702435501,"timeStamp":"13/12/2023 09:44:44"}
{"method":"DELETE","url":"/api/vouchers/657912ea6d0110261f737286","employeeId":"656feea6e05243a284133d72","employeeEmail":"hson22102000@gmail.com","employeeRole":"ADMIN","employeeFullName":"administrator","iat":1702431901,"exp":1702435501,"timeStamp":"13/12/2023 09:44:52"}
{"method":"DELETE","url":"/api/vouchers/6579136ac7fe476ab3444820","employeeId":"656feea6e05243a284133d72","employeeEmail":"hson22102000@gmail.com","employeeRole":"ADMIN","employeeFullName":"administrator","iat":1702431901,"exp":1702435501,"timeStamp":"13/12/2023 09:44:59"}
{"method":"GET","url":"/api/vouchers","employeeId":"656feea6e05243a284133d72","employeeEmail":"hson22102000@gmail.com","employeeRole":"ADMIN","employeeFullName":"administrator","iat":1702431901,"exp":1702435501,"timeStamp":"13/12/2023 09:45:01"}
{"message":"AT hết hạn","method":"GET","url":"/api/vouchers","employeeId":"656feea6e05243a284133d72","employeeEmail":"hson22102000@gmail.com","employeeRole":"ADMIN","employeeFullName":"administrator","iat":1702431901,"exp":1702435501,"timeStamp":"13/12/2023 09:45:02"}
{"method":"POST","url":"/api/auth/resetPassword","employeeId":"656feea6e05243a284133d72","employeeEmail":"hson22102000@gmail.com","employeeRole":"ADMIN","employeeFullName":"administrator","iat":1702431901,"exp":1702435501,"timeStamp":"13/12/2023 09:45:12"}
{"method":"POST","url":"/api/auth/refresh-token","timeStamp":"13/12/2023 09:45:33"}
{"method":"POST","url":"/api/auth/refresh-token","timeStamp":"13/12/2023 09:45:34"}
{"method":"POST","url":"/api/auth/refresh-token","timeStamp":"13/12/2023 09:45:41"}
{"method":"GET","url":"/api/auth/refresh-token","timeStamp":"13/12/2023 09:46:10"}
{"method":"GET","url":"/api/vouchers","timeStamp":"13/12/2023 09:46:24"}
{"message":"AT hết hạn","method":"GET","url":"/api/vouchers","timeStamp":"13/12/2023 09:46:24"}
{"method":"GET","url":"/api/vouchers","timeStamp":"13/12/2023 09:46:26"}
{"message":"AT hết hạn","method":"GET","url":"/api/vouchers","timeStamp":"13/12/2023 09:46:27"}
{"method":"GET","url":"/api/auth/refresh-token","timeStamp":"13/12/2023 09:46:51"}
{"method":"GET","url":"/api/vouchers","timeStamp":"13/12/2023 09:46:56"}
{"method":"POST","url":"/api/webs","employeeId":"656feea6e05243a284133d72","employeeFullName":"administrator","employeeEmail":"hson22102000@gmail.com","employeeRole":"ADMIN","iat":1702435612,"exp":1702439212,"timeStamp":"13/12/2023 09:47:30"}
{"message":"Vui lòng tên web","method":"POST","url":"/api/webs","employeeId":"656feea6e05243a284133d72","employeeFullName":"administrator","employeeEmail":"hson22102000@gmail.com","employeeRole":"ADMIN","iat":1702435612,"exp":1702439212,"timeStamp":"13/12/2023 09:47:30"}
{"method":"POST","url":"/api/webs","timeStamp":"13/12/2023 09:48:13"}
{"message":"Vui lòng bổ sung tên web","method":"POST","url":"/api/webs","employeeId":"656feea6e05243a284133d72","employeeFullName":"administrator","employeeEmail":"hson22102000@gmail.com","employeeRole":"ADMIN","iat":1702435612,"exp":1702439212,"timeStamp":"13/12/2023 09:48:15"}
{"method":"POST","url":"/api/webs","employeeId":"656feea6e05243a284133d72","employeeFullName":"administrator","employeeEmail":"hson22102000@gmail.com","employeeRole":"ADMIN","iat":1702435612,"exp":1702439212,"timeStamp":"13/12/2023 09:48:28"}
{"method":"PATCH","url":"/api/webs/65791b7c00aec61fab577feb","employeeId":"656feea6e05243a284133d72","employeeFullName":"administrator","employeeEmail":"hson22102000@gmail.com","employeeRole":"ADMIN","iat":1702435612,"exp":1702439212,"timeStamp":"13/12/2023 09:48:45"}
{"method":"PATCH","url":"/api/webs/65791b7c00aec61fab577feb","employeeId":"656feea6e05243a284133d72","employeeFullName":"administrator","employeeEmail":"hson22102000@gmail.com","employeeRole":"ADMIN","iat":1702435612,"exp":1702439212,"timeStamp":"13/12/2023 09:48:51"}
{"method":"GET","url":"/api/webs","employeeId":"656feea6e05243a284133d72","employeeFullName":"administrator","employeeEmail":"hson22102000@gmail.com","employeeRole":"ADMIN","iat":1702435612,"exp":1702439212,"timeStamp":"13/12/2023 09:49:04"}
{"method":"POST","url":"/api/webs","employeeId":"656feea6e05243a284133d72","employeeFullName":"administrator","employeeEmail":"hson22102000@gmail.com","employeeRole":"ADMIN","iat":1702435612,"exp":1702439212,"timeStamp":"13/12/2023 09:49:12"}
{"method":"POST","url":"/api/webs","employeeId":"656feea6e05243a284133d72","employeeFullName":"administrator","employeeEmail":"hson22102000@gmail.com","employeeRole":"ADMIN","iat":1702435612,"exp":1702439212,"timeStamp":"13/12/2023 09:49:14"}
{"method":"POST","url":"/api/webs","employeeId":"656feea6e05243a284133d72","employeeFullName":"administrator","employeeEmail":"hson22102000@gmail.com","employeeRole":"ADMIN","iat":1702435612,"exp":1702439212,"timeStamp":"13/12/2023 09:49:16"}
{"message":"Dữ liệu trường web_name đã tồn tại giá trị: {1234}","method":"POST","url":"/api/webs","employeeId":"656feea6e05243a284133d72","employeeFullName":"administrator","employeeEmail":"hson22102000@gmail.com","employeeRole":"ADMIN","iat":1702435612,"exp":1702439212,"timeStamp":"13/12/2023 09:49:16"}
{"method":"POST","url":"/api/webs","employeeId":"656feea6e05243a284133d72","employeeFullName":"administrator","employeeEmail":"hson22102000@gmail.com","employeeRole":"ADMIN","iat":1702435612,"exp":1702439212,"timeStamp":"13/12/2023 09:49:19"}
{"method":"POST","url":"/api/webs","employeeId":"656feea6e05243a284133d72","employeeFullName":"administrator","employeeEmail":"hson22102000@gmail.com","employeeRole":"ADMIN","iat":1702435612,"exp":1702439212,"timeStamp":"13/12/2023 09:49:21"}
{"method":"POST","url":"/api/webs","employeeId":"656feea6e05243a284133d72","employeeFullName":"administrator","employeeEmail":"hson22102000@gmail.com","employeeRole":"ADMIN","iat":1702435612,"exp":1702439212,"timeStamp":"13/12/2023 09:49:25"}
{"method":"POST","url":"/api/webs","employeeId":"656feea6e05243a284133d72","employeeFullName":"administrator","employeeEmail":"hson22102000@gmail.com","employeeRole":"ADMIN","iat":1702435612,"exp":1702439212,"timeStamp":"13/12/2023 09:49:33"}
{"method":"POST","url":"/api/webs","employeeId":"656feea6e05243a284133d72","employeeFullName":"administrator","employeeEmail":"hson22102000@gmail.com","employeeRole":"ADMIN","iat":1702435612,"exp":1702439212,"timeStamp":"13/12/2023 09:49:35"}
{"method":"POST","url":"/api/webs","employeeId":"656feea6e05243a284133d72","employeeFullName":"administrator","employeeEmail":"hson22102000@gmail.com","employeeRole":"ADMIN","iat":1702435612,"exp":1702439212,"timeStamp":"13/12/2023 09:49:38"}
{"method":"POST","url":"/api/webs","employeeId":"656feea6e05243a284133d72","employeeFullName":"administrator","employeeEmail":"hson22102000@gmail.com","employeeRole":"ADMIN","iat":1702435612,"exp":1702439212,"timeStamp":"13/12/2023 09:49:40"}
{"method":"POST","url":"/api/webs","employeeId":"656feea6e05243a284133d72","employeeFullName":"administrator","employeeEmail":"hson22102000@gmail.com","employeeRole":"ADMIN","iat":1702435612,"exp":1702439212,"timeStamp":"13/12/2023 09:49:42"}
{"method":"GET","url":"/api/webs","employeeId":"656feea6e05243a284133d72","employeeFullName":"administrator","employeeEmail":"hson22102000@gmail.com","employeeRole":"ADMIN","iat":1702435612,"exp":1702439212,"timeStamp":"13/12/2023 09:49:45"}
{"method":"GET","url":"/api/webs?limit=10&skip=0","timeStamp":"13/12/2023 09:51:43"}
{"method":"GET","url":"/api/webs?limit=10&page=0","employeeId":"656feea6e05243a284133d72","employeeFullName":"administrator","employeeEmail":"hson22102000@gmail.com","employeeRole":"ADMIN","iat":1702435612,"exp":1702439212,"timeStamp":"13/12/2023 09:51:48"}
{"method":"GET","url":"/api/webs?limit=10&page=1","employeeId":"656feea6e05243a284133d72","employeeFullName":"administrator","employeeEmail":"hson22102000@gmail.com","employeeRole":"ADMIN","iat":1702435612,"exp":1702439212,"timeStamp":"13/12/2023 09:51:50"}
{"method":"GET","url":"/api/webs?limit=10&page=2","employeeId":"656feea6e05243a284133d72","employeeFullName":"administrator","employeeEmail":"hson22102000@gmail.com","employeeRole":"ADMIN","iat":1702435612,"exp":1702439212,"timeStamp":"13/12/2023 09:52:32"}
{"method":"GET","url":"/api/webs?limit=10&page=1","employeeId":"656feea6e05243a284133d72","employeeFullName":"administrator","employeeEmail":"hson22102000@gmail.com","employeeRole":"ADMIN","iat":1702435612,"exp":1702439212,"timeStamp":"13/12/2023 09:52:38"}
{"method":"GET","url":"/api/vouchers?limit=10&page=1","employeeId":"656feea6e05243a284133d72","employeeFullName":"administrator","employeeEmail":"hson22102000@gmail.com","employeeRole":"ADMIN","iat":1702435612,"exp":1702439212,"timeStamp":"13/12/2023 09:53:17"}
{"method":"POST","url":"/api/vouchers","timeStamp":"13/12/2023 10:04:38"}
{"message":"Giá trị voucher phải >= 50000nvđ","method":"POST","url":"/api/vouchers","employeeId":"656feea6e05243a284133d72","employeeFullName":"administrator","employeeEmail":"hson22102000@gmail.com","employeeRole":"ADMIN","iat":1702435612,"exp":1702439212,"timeStamp":"13/12/2023 10:04:39"}
{"method":"POST","url":"/api/vouchers","employeeId":"656feea6e05243a284133d72","employeeFullName":"administrator","employeeEmail":"hson22102000@gmail.com","employeeRole":"ADMIN","iat":1702435612,"exp":1702439212,"timeStamp":"13/12/2023 10:04:46"}
{"message":"`PERCENTAGE1` is not a valid enum value for path `voucher_type`.","method":"POST","url":"/api/vouchers","employeeId":"656feea6e05243a284133d72","employeeFullName":"administrator","employeeEmail":"hson22102000@gmail.com","employeeRole":"ADMIN","iat":1702435612,"exp":1702439212,"timeStamp":"13/12/2023 10:04:46"}
{"method":"POST","url":"/api/vouchers","employeeId":"656feea6e05243a284133d72","employeeFullName":"administrator","employeeEmail":"hson22102000@gmail.com","employeeRole":"ADMIN","iat":1702435612,"exp":1702439212,"timeStamp":"13/12/2023 10:04:53"}
{"message":"Giá trị voucher không phù hợp với loại voucher","method":"POST","url":"/api/vouchers","employeeId":"656feea6e05243a284133d72","employeeFullName":"administrator","employeeEmail":"hson22102000@gmail.com","employeeRole":"ADMIN","iat":1702435612,"exp":1702439212,"timeStamp":"13/12/2023 10:04:54"}
{"method":"GET","url":"/api/vouchers?limit=10&page=1","employeeId":"656feea6e05243a284133d72","employeeFullName":"administrator","employeeEmail":"hson22102000@gmail.com","employeeRole":"ADMIN","iat":1702435612,"exp":1702439212,"timeStamp":"13/12/2023 10:05:19"}
{"method":"PATCH","url":"/api/vouchers/65790ee92e21d37111625b24","employeeId":"656feea6e05243a284133d72","employeeFullName":"administrator","employeeEmail":"hson22102000@gmail.com","employeeRole":"ADMIN","iat":1702435612,"exp":1702439212,"timeStamp":"13/12/2023 10:05:28"}
{"message":"Web không tồn tại","method":"PATCH","url":"/api/vouchers/65790ee92e21d37111625b24","employeeId":"656feea6e05243a284133d72","employeeFullName":"administrator","employeeEmail":"hson22102000@gmail.com","employeeRole":"ADMIN","iat":1702435612,"exp":1702439212,"timeStamp":"13/12/2023 10:05:28"}
{"method":"PATCH","url":"/api/vouchers/65790ee92e21d37111625b24","employeeId":"656feea6e05243a284133d72","employeeFullName":"administrator","employeeEmail":"hson22102000@gmail.com","employeeRole":"ADMIN","iat":1702435612,"exp":1702439212,"timeStamp":"13/12/2023 10:05:36"}
{"message":"Web không tồn tại","method":"PATCH","url":"/api/vouchers/65790ee92e21d37111625b24","employeeId":"656feea6e05243a284133d72","employeeFullName":"administrator","employeeEmail":"hson22102000@gmail.com","employeeRole":"ADMIN","iat":1702435612,"exp":1702439212,"timeStamp":"13/12/2023 10:05:37"}
{"method":"GET","url":"/api/webs?limit=10&page=1","employeeId":"656feea6e05243a284133d72","employeeFullName":"administrator","employeeEmail":"hson22102000@gmail.com","employeeRole":"ADMIN","iat":1702435612,"exp":1702439212,"timeStamp":"13/12/2023 10:05:49"}
{"method":"PATCH","url":"/api/vouchers/65790ee92e21d37111625b24","employeeId":"656feea6e05243a284133d72","employeeFullName":"administrator","employeeEmail":"hson22102000@gmail.com","employeeRole":"ADMIN","iat":1702435612,"exp":1702439212,"timeStamp":"13/12/2023 10:05:54"}
{"method":"PATCH","url":"/api/vouchers/65790ee92e21d37111625b24","timeStamp":"13/12/2023 10:06:30"}
{"method":"PATCH","url":"/api/vouchers/65790ee92e21d37111625b24","timeStamp":"13/12/2023 10:06:55"}
{"method":"PATCH","url":"/api/vouchers/65790ee92e21d37111625b24","timeStamp":"13/12/2023 10:10:09"}
{"message":"Giá trị voucher phải >= 50000nvđ","method":"PATCH","url":"/api/vouchers/65790ee92e21d37111625b24","employeeId":"656feea6e05243a284133d72","employeeFullName":"administrator","employeeEmail":"hson22102000@gmail.com","employeeRole":"ADMIN","iat":1702435612,"exp":1702439212,"timeStamp":"13/12/2023 10:10:10"}
{"method":"PATCH","url":"/api/vouchers/65790ee92e21d37111625b24","employeeId":"656feea6e05243a284133d72","employeeFullName":"administrator","employeeEmail":"hson22102000@gmail.com","employeeRole":"ADMIN","iat":1702435612,"exp":1702439212,"timeStamp":"13/12/2023 10:10:31"}
{"method":"PATCH","url":"/api/vouchers/65790ee92e21d37111625b24","employeeId":"656feea6e05243a284133d72","employeeFullName":"administrator","employeeEmail":"hson22102000@gmail.com","employeeRole":"ADMIN","iat":1702435612,"exp":1702439212,"timeStamp":"13/12/2023 10:10:37"}
{"message":"Giá trị voucher phải >= 50000nvđ","method":"PATCH","url":"/api/vouchers/65790ee92e21d37111625b24","employeeId":"656feea6e05243a284133d72","employeeFullName":"administrator","employeeEmail":"hson22102000@gmail.com","employeeRole":"ADMIN","iat":1702435612,"exp":1702439212,"timeStamp":"13/12/2023 10:10:38"}
{"method":"GET","url":"/api/vouchers?limit=10&page=1","employeeId":"656feea6e05243a284133d72","employeeFullName":"administrator","employeeEmail":"hson22102000@gmail.com","employeeRole":"ADMIN","iat":1702435612,"exp":1702439212,"timeStamp":"13/12/2023 10:10:40"}
{"method":"PATCH","url":"/api/vouchers/65790ee92e21d37111625b24","timeStamp":"13/12/2023 10:10:59"}
{"method":"PATCH","url":"/api/vouchers/65790ee92e21d37111625b24","timeStamp":"13/12/2023 10:11:55"}
{"message":"Giá trị voucher phải >= 50000nvđ","method":"PATCH","url":"/api/vouchers/65790ee92e21d37111625b24","employeeId":"656feea6e05243a284133d72","employeeFullName":"administrator","employeeEmail":"hson22102000@gmail.com","employeeRole":"ADMIN","iat":1702435612,"exp":1702439212,"timeStamp":"13/12/2023 10:11:59"}
{"method":"PATCH","url":"/api/vouchers/65790ee92e21d37111625b24","employeeId":"656feea6e05243a284133d72","employeeFullName":"administrator","employeeEmail":"hson22102000@gmail.com","employeeRole":"ADMIN","iat":1702435612,"exp":1702439212,"timeStamp":"13/12/2023 10:12:14"}
{"message":"Giá trị voucher không phù hợp với loại voucher","method":"PATCH","url":"/api/vouchers/65790ee92e21d37111625b24","employeeId":"656feea6e05243a284133d72","employeeFullName":"administrator","employeeEmail":"hson22102000@gmail.com","employeeRole":"ADMIN","iat":1702435612,"exp":1702439212,"timeStamp":"13/12/2023 10:12:15"}
{"method":"PATCH","url":"/api/vouchers/65790ee92e21d37111625b24","timeStamp":"13/12/2023 10:12:53"}
{"message":"Giá trị 1 < voucher < 100","method":"PATCH","url":"/api/vouchers/65790ee92e21d37111625b24","employeeId":"656feea6e05243a284133d72","employeeFullName":"administrator","employeeEmail":"hson22102000@gmail.com","employeeRole":"ADMIN","iat":1702435612,"exp":1702439212,"timeStamp":"13/12/2023 10:12:58"}
{"method":"PATCH","url":"/api/vouchers/65790ee92e21d37111625b24","employeeId":"656feea6e05243a284133d72","employeeFullName":"administrator","employeeEmail":"hson22102000@gmail.com","employeeRole":"ADMIN","iat":1702435612,"exp":1702439212,"timeStamp":"13/12/2023 10:12:59"}
{"message":"Giá trị 1 < voucher < 100","method":"PATCH","url":"/api/vouchers/65790ee92e21d37111625b24","employeeId":"656feea6e05243a284133d72","employeeFullName":"administrator","employeeEmail":"hson22102000@gmail.com","employeeRole":"ADMIN","iat":1702435612,"exp":1702439212,"timeStamp":"13/12/2023 10:13:00"}
{"method":"PATCH","url":"/api/vouchers/65790ee92e21d37111625b24","employeeId":"656feea6e05243a284133d72","employeeFullName":"administrator","employeeEmail":"hson22102000@gmail.com","employeeRole":"ADMIN","iat":1702435612,"exp":1702439212,"timeStamp":"13/12/2023 10:13:03"}
{"method":"PATCH","url":"/api/vouchers/65790ee92e21d37111625b24","employeeId":"656feea6e05243a284133d72","employeeFullName":"administrator","employeeEmail":"hson22102000@gmail.com","employeeRole":"ADMIN","iat":1702435612,"exp":1702439212,"timeStamp":"13/12/2023 10:13:22"}
{"method":"POST","url":"/api/auth/logout","employeeId":"656feea6e05243a284133d72","employeeFullName":"administrator","employeeEmail":"hson22102000@gmail.com","employeeRole":"ADMIN","iat":1702435612,"exp":1702439212,"timeStamp":"13/12/2023 14:07:37"}
{"message":"Delete RT Error","method":"POST","url":"/api/auth/logout","employeeId":"656feea6e05243a284133d72","employeeFullName":"administrator","employeeEmail":"hson22102000@gmail.com","employeeRole":"ADMIN","iat":1702435612,"exp":1702439212,"timeStamp":"13/12/2023 14:07:38"}
