{"method":"POST","url":"/api/auth/login","timeStamp":"06/12/2023 10:49:03"}
{"message":"Invalid credential AT","method":"POST","url":"/api/auth/login","timeStamp":"06/12/2023 10:49:03"}
{"method":"POST","url":"/api/auth/login","timeStamp":"06/12/2023 10:49:23"}
{"message":"Invalid credential AT","method":"POST","url":"/api/auth/login","timeStamp":"06/12/2023 10:49:23"}
{"method":"POST","url":"/api/auth/login","timeStamp":"06/12/2023 10:50:00"}
{"message":"Invalid credential AT","method":"POST","url":"/api/auth/login","timeStamp":"06/12/2023 10:50:00"}
{"method":"POST","url":"/api/auth/login","timeStamp":"06/12/2023 10:51:08"}
{"method":"POST","url":"/api/auth/login","timeStamp":"06/12/2023 10:51:41"}
{"message":"Tên người dùng không tồn tại!","method":"POST","url":"/api/auth/login","timeStamp":"06/12/2023 10:51:44"}
{"method":"POST","url":"/api/auth/login","timeStamp":"06/12/2023 10:52:20"}
{"message":"data and hash arguments required","method":"POST","url":"/api/auth/login","timeStamp":"06/12/2023 10:52:20"}
{"method":"POST","url":"/api/auth/login","timeStamp":"06/12/2023 10:52:23"}
{"message":"data and hash arguments required","method":"POST","url":"/api/auth/login","timeStamp":"06/12/2023 10:52:23"}
{"method":"POST","url":"/api/auth/login","timeStamp":"06/12/2023 10:53:37"}
{"message":"Mật khẩu không đúng!","method":"POST","url":"/api/auth/login","timeStamp":"06/12/2023 10:53:40"}
{"method":"POST","url":"/api/auth/login","timeStamp":"06/12/2023 10:54:02"}
{"message":"Mật khẩu không đúng!","method":"POST","url":"/api/auth/login","timeStamp":"06/12/2023 10:54:02"}
{"method":"POST","url":"/api/auth/login","timeStamp":"06/12/2023 10:54:04"}
{"message":"Mật khẩu không đúng!","method":"POST","url":"/api/auth/login","timeStamp":"06/12/2023 10:54:04"}
{"method":"POST","url":"/api/auth/login","timeStamp":"06/12/2023 10:54:17"}
{"method":"POST","url":"/api/auth/login","timeStamp":"06/12/2023 10:54:27"}
{"method":"POST","url":"/api/auth/createEmployee","timeStamp":"06/12/2023 11:05:40"}
{"method":"POST","url":"/api/admin/createEmployee","timeStamp":"06/12/2023 11:06:41"}
{"message":"Invalid credential AT","method":"POST","url":"/api/admin/createEmployee","timeStamp":"06/12/2023 11:06:41"}
{"method":"POST","url":"/api/auth/login","timeStamp":"06/12/2023 11:06:51"}
{"method":"POST","url":"/api/admin/createEmployee","timeStamp":"06/12/2023 11:06:53"}
{"message":"Invalid credential AT","method":"POST","url":"/api/admin/createEmployee","timeStamp":"06/12/2023 11:06:53"}
{"method":"POST","url":"/api/auth/login","timeStamp":"06/12/2023 11:08:42"}
{"method":"POST","url":"/api/admin/createEmployee","timeStamp":"06/12/2023 11:08:47"}
{"message":"Invalid credential AT","method":"POST","url":"/api/admin/createEmployee","timeStamp":"06/12/2023 11:08:47"}
{"method":"POST","url":"/api/admin/createEmployee","timeStamp":"06/12/2023 11:08:49"}
{"message":"Invalid credential AT","method":"POST","url":"/api/admin/createEmployee","timeStamp":"06/12/2023 11:08:49"}
{"method":"POST","url":"/api/auth/login","timeStamp":"06/12/2023 11:09:14"}
{"method":"POST","url":"/api/admin/createEmployee","timeStamp":"06/12/2023 11:09:31"}
{"method":"POST","url":"/api/auth/login","timeStamp":"06/12/2023 11:09:40"}
{"method":"POST","url":"/api/admin/createEmployee","timeStamp":"06/12/2023 11:09:44"}
{"method":"POST","url":"/api/admin/createEmployee","timeStamp":"06/12/2023 11:09:50"}
{"method":"POST","url":"/api/admin/createEmployee","timeStamp":"06/12/2023 11:10:17"}
{"method":"POST","url":"/api/auth/login","timeStamp":"06/12/2023 11:10:50"}
{"method":"POST","url":"/api/admin/createEmployee","timeStamp":"06/12/2023 11:10:56"}
{"message":"Tạo nhân viên thất bại","method":"POST","url":"/api/admin/createEmployee","timeStamp":"06/12/2023 11:10:57"}
{"method":"POST","url":"/api/admin/createEmployee","timeStamp":"06/12/2023 11:12:39"}
{"message":"Tạo nhân viên thất bại","method":"POST","url":"/api/admin/createEmployee","timeStamp":"06/12/2023 11:12:43"}
{"method":"POST","url":"/api/admin/createEmployee","timeStamp":"06/12/2023 11:13:19"}
{"message":"Tạo nhân viên thất bại","method":"POST","url":"/api/admin/createEmployee","timeStamp":"06/12/2023 11:13:23"}
{"method":"POST","url":"/api/admin/createEmployee","timeStamp":"06/12/2023 11:14:44"}
{"message":"Xác nhận mật khẩu không đúng","method":"POST","url":"/api/admin/createEmployee","timeStamp":"06/12/2023 11:14:47"}
{"method":"POST","url":"/api/admin/createEmployee","timeStamp":"06/12/2023 11:16:40"}
{"message":"Xác nhận mật khẩu không đúng","method":"POST","url":"/api/admin/createEmployee","timeStamp":"06/12/2023 11:16:41"}
{"method":"POST","url":"/api/admin/createEmployee","timeStamp":"06/12/2023 11:16:49"}
{"message":"Tạo nhân viên thất bại","method":"POST","url":"/api/admin/createEmployee","timeStamp":"06/12/2023 11:16:50"}
{"method":"POST","url":"/api/admin/createEmployee","timeStamp":"06/12/2023 11:17:13"}
{"message":"ValidationError: employee_userName: Vui lòng bổ sung tên người dùng, employee_role: `ABC` is not a valid enum value for path `employee_role`.","method":"POST","url":"/api/admin/createEmployee","timeStamp":"06/12/2023 11:17:16"}
{"method":"POST","url":"/api/admin/createEmployee","timeStamp":"06/12/2023 11:17:50"}
{"message":"ValidationError: employee_userName: Vui lòng bổ sung tên người dùng","method":"POST","url":"/api/admin/createEmployee","timeStamp":"06/12/2023 11:17:51"}
{"method":"POST","url":"/api/admin/createEmployee","timeStamp":"06/12/2023 11:24:27"}
{"method":"POST","url":"/api/admin/createEmployee","timeStamp":"06/12/2023 11:51:23"}
{"method":"POST","url":"/api/admin/createEmployee","timeStamp":"06/12/2023 11:53:37"}
{"method":"POST","url":"/api/admin/createEmployee","timeStamp":"06/12/2023 11:53:41"}
{"message":"MongoServerError: E11000 duplicate key error collection: PROJECT_LANDING_PAGE.employees index: employee_email_1 dup key: { employee_email: \"thaithieu.phong119@gmail.com\" }","method":"POST","url":"/api/admin/createEmployee","timeStamp":"06/12/2023 11:53:42"}
{"method":"POST","url":"/api/auth/login","timeStamp":"06/12/2023 11:54:29"}
{"message":"Tên người dùng không tồn tại!","method":"POST","url":"/api/auth/login","timeStamp":"06/12/2023 11:54:29"}
{"method":"POST","url":"/api/auth/login","timeStamp":"06/12/2023 11:54:31"}
{"message":"Tên người dùng không tồn tại!","method":"POST","url":"/api/auth/login","timeStamp":"06/12/2023 11:54:31"}
{"method":"POST","url":"/api/auth/login","timeStamp":"06/12/2023 11:54:54"}
{"message":"Tên người dùng không tồn tại!","method":"POST","url":"/api/auth/login","timeStamp":"06/12/2023 11:54:54"}
{"method":"POST","url":"/api/auth/login","timeStamp":"06/12/2023 11:55:13"}
{"method":"POST","url":"/api/auth/login","timeStamp":"06/12/2023 11:55:22"}
{"message":"Tên người dùng không tồn tại!","method":"POST","url":"/api/auth/login","timeStamp":"06/12/2023 11:55:22"}
{"method":"POST","url":"/api/auth/login","timeStamp":"06/12/2023 11:55:56"}
{"message":"Tên người dùng không tồn tại!","method":"POST","url":"/api/auth/login","timeStamp":"06/12/2023 11:55:56"}
{"method":"POST","url":"/api/auth/login","timeStamp":"06/12/2023 11:56:34"}
{"message":"Tên người dùng không tồn tại!","method":"POST","url":"/api/auth/login","timeStamp":"06/12/2023 11:56:34"}
{"method":"POST","url":"/api/auth/login","timeStamp":"06/12/2023 11:56:44"}
{"message":"Tên người dùng không tồn tại!","method":"POST","url":"/api/auth/login","timeStamp":"06/12/2023 11:56:44"}
{"method":"POST","url":"/api/auth/login","timeStamp":"06/12/2023 11:57:33"}
{"message":"Mật khẩu không đúng!","method":"POST","url":"/api/auth/login","timeStamp":"06/12/2023 11:57:33"}
{"method":"POST","url":"/api/auth/login","timeStamp":"06/12/2023 11:57:48"}
{"message":"Mật khẩu không đúng!","method":"POST","url":"/api/auth/login","timeStamp":"06/12/2023 11:57:48"}
{"method":"POST","url":"/api/auth/login","timeStamp":"06/12/2023 11:58:04"}
{"method":"POST","url":"/api/auth/login","timeStamp":"06/12/2023 11:58:14"}
{"message":"Tên người dùng không tồn tại!","method":"POST","url":"/api/auth/login","timeStamp":"06/12/2023 11:58:14"}
{"method":"POST","url":"/api/auth/login","timeStamp":"06/12/2023 11:58:25"}
{"message":"Tên người dùng không tồn tại!","method":"POST","url":"/api/auth/login","timeStamp":"06/12/2023 11:58:25"}
{"method":"POST","url":"/api/auth/login","timeStamp":"06/12/2023 11:58:27"}
{"message":"Tên người dùng không tồn tại!","method":"POST","url":"/api/auth/login","timeStamp":"06/12/2023 11:58:27"}
{"method":"POST","url":"/api/auth/logout","timeStamp":"06/12/2023 11:58:56"}
{"method":"GET","url":"/api/auth/logout","timeStamp":"06/12/2023 11:59:16"}
{"method":"GET","url":"/api/auth/logout","timeStamp":"06/12/2023 11:59:19"}
{"message":"Chưa có phiên đăng nhập","method":"GET","url":"/api/auth/logout","timeStamp":"06/12/2023 11:59:19"}
{"method":"POST","url":"/api/auth/createSessionResetPassword","timeStamp":"06/12/2023 12:00:10"}
{"method":"POST","url":"/api/auth/createSessionResetPassword","timeStamp":"06/12/2023 12:00:48"}
{"method":"POST","url":"/api/auth/createSessionResetPassword","timeStamp":"06/12/2023 12:01:26"}
{"method":"POST","url":"/api/auth/createSessionResetPassword","timeStamp":"06/12/2023 12:01:31"}
{"method":"POST","url":"/api/auth/createSessionResetPassword","timeStamp":"06/12/2023 12:02:36"}
{"method":"POST","url":"/api/auth/generateOTP","timeStamp":"06/12/2023 12:06:09"}
{"message":"Tạo OTP không thành công","method":"POST","url":"/api/auth/generateOTP","timeStamp":"06/12/2023 12:06:09"}
{"method":"POST","url":"/api/auth/createSessionResetPassword","timeStamp":"06/12/2023 12:06:30"}
{"method":"POST","url":"/api/auth/generateOTP","timeStamp":"06/12/2023 12:06:33"}
{"method":"POST","url":"/api/auth/generateOTP","timeStamp":"06/12/2023 13:30:36"}
{"message":"Tạo OTP không thành công","method":"POST","url":"/api/auth/generateOTP","timeStamp":"06/12/2023 13:30:36"}
{"method":"POST","url":"/api/auth/createSessionResetPassword","timeStamp":"06/12/2023 13:32:30"}
{"method":"POST","url":"/api/auth/generateOTP","timeStamp":"06/12/2023 13:32:34"}
{"method":"POST","url":"/api/auth/createSessionResetPassword","timeStamp":"06/12/2023 13:34:25"}
{"message":"Email người dùng không tồn tại trong hệ thống","method":"POST","url":"/api/auth/createSessionResetPassword","timeStamp":"06/12/2023 13:34:26"}
{"method":"POST","url":"/api/auth/confirmResetPassword","timeStamp":"06/12/2023 13:35:46"}
{"message":"Cannot destructure property 'employee_email' of 'sessionData' as it is undefined.","method":"POST","url":"/api/auth/confirmResetPassword","timeStamp":"06/12/2023 13:35:46"}
{"method":"POST","url":"/api/auth/confirmResetPassword","timeStamp":"06/12/2023 13:35:50"}
{"message":"Cannot destructure property 'employee_email' of 'sessionData' as it is undefined.","method":"POST","url":"/api/auth/confirmResetPassword","timeStamp":"06/12/2023 13:35:50"}
{"method":"POST","url":"/api/auth/confirmResetPassword","timeStamp":"06/12/2023 13:37:25"}
{"message":"Có lỗi xảy ra, vui lòng thử lại","method":"POST","url":"/api/auth/confirmResetPassword","timeStamp":"06/12/2023 13:37:25"}
{"method":"POST","url":"/api/auth/confirmOTP","timeStamp":"06/12/2023 13:37:44"}
{"method":"POST","url":"/api/auth/confirmOTP","timeStamp":"06/12/2023 13:37:44"}
{"method":"POST","url":"/api/auth/confirmOTP","timeStamp":"06/12/2023 13:38:03"}
{"method":"POST","url":"/api/auth/confirmOTP","timeStamp":"06/12/2023 13:38:24"}
{"message":"Mã OTP không chính xác, vui lòng kiểm tra lại","method":"POST","url":"/api/auth/confirmOTP","timeStamp":"06/12/2023 13:38:24"}
{"method":"POST","url":"/api/auth/createSessionResetPassword","timeStamp":"06/12/2023 13:39:41"}
{"method":"POST","url":"/api/auth/createSessionResetPassword","timeStamp":"06/12/2023 13:41:43"}
{"method":"POST","url":"/api/auth/generateOTP","timeStamp":"06/12/2023 13:41:47"}
{"method":"POST","url":"/api/auth/confirmOTP","timeStamp":"06/12/2023 13:42:16"}
{"message":"Mã OTP không chính xác, vui lòng kiểm tra lại","method":"POST","url":"/api/auth/confirmOTP","timeStamp":"06/12/2023 13:42:16"}
{"method":"POST","url":"/api/auth/confirmOTP","timeStamp":"06/12/2023 13:42:19"}
{"method":"POST","url":"/api/auth/confirmOTP","timeStamp":"06/12/2023 13:42:22"}
{"method":"POST","url":"/api/auth/confirmOTP","timeStamp":"06/12/2023 13:42:24"}
{"method":"POST","url":"/api/auth/confirmResetPassword","timeStamp":"06/12/2023 13:42:56"}
{"message":"Mật khẩu xác nhận không khớp","method":"POST","url":"/api/auth/confirmResetPassword","timeStamp":"06/12/2023 13:42:56"}
{"method":"POST","url":"/api/auth/confirmResetPassword","timeStamp":"06/12/2023 13:42:59"}
{"method":"POST","url":"/api/auth/login","timeStamp":"06/12/2023 13:43:06"}
{"message":"Mật khẩu không đúng!","method":"POST","url":"/api/auth/login","timeStamp":"06/12/2023 13:43:06"}
{"method":"POST","url":"/api/auth/login","timeStamp":"06/12/2023 13:43:08"}
{"method":"POST","url":"/api/auth/createSessionResetPassword","timeStamp":"06/12/2023 13:46:59"}
{"method":"POST","url":"/api/auth/generateOTP","timeStamp":"06/12/2023 13:47:19"}
{"method":"POST","url":"/api/auth/confirmOTP","timeStamp":"06/12/2023 13:47:33"}
{"message":"Mã OTP không chính xác, vui lòng kiểm tra lại","method":"POST","url":"/api/auth/confirmOTP","timeStamp":"06/12/2023 13:47:33"}
{"method":"POST","url":"/api/auth/confirmOTP","timeStamp":"06/12/2023 13:47:35"}
{"method":"POST","url":"/api/auth/confirmOTP","timeStamp":"06/12/2023 13:47:37"}
{"message":"Mã OTP không chính xác, vui lòng kiểm tra lại","method":"POST","url":"/api/auth/confirmOTP","timeStamp":"06/12/2023 13:47:37"}
{"method":"POST","url":"/api/auth/confirmResetPassword","timeStamp":"06/12/2023 13:47:48"}
{"message":"Có lỗi xảy ra, vui lòng thử lại","method":"POST","url":"/api/auth/confirmResetPassword","timeStamp":"06/12/2023 13:47:48"}
{"method":"POST","url":"/api/auth/confirmResetPassword","timeStamp":"06/12/2023 13:48:32"}
{"message":"Có lỗi xảy ra, vui lòng thử lại","method":"POST","url":"/api/auth/confirmResetPassword","timeStamp":"06/12/2023 13:48:32"}
{"method":"POST","url":"/api/auth/generateOTP","timeStamp":"06/12/2023 13:48:40"}
{"message":"Tạo OTP không thành công","method":"POST","url":"/api/auth/generateOTP","timeStamp":"06/12/2023 13:48:40"}
{"method":"POST","url":"/api/auth/createSessionResetPassword","timeStamp":"06/12/2023 13:49:24"}
{"method":"POST","url":"/api/auth/generateOTP","timeStamp":"06/12/2023 13:49:29"}
{"method":"POST","url":"/api/auth/confirmOTP","timeStamp":"06/12/2023 13:49:42"}
{"message":"Mã OTP không chính xác, vui lòng kiểm tra lại","method":"POST","url":"/api/auth/confirmOTP","timeStamp":"06/12/2023 13:49:42"}
{"method":"POST","url":"/api/auth/confirmOTP","timeStamp":"06/12/2023 13:49:44"}
{"method":"POST","url":"/api/auth/confirmResetPassword","timeStamp":"06/12/2023 13:49:48"}
{"message":"Có lỗi xảy ra, vui lòng thử lại","method":"POST","url":"/api/auth/confirmResetPassword","timeStamp":"06/12/2023 13:49:48"}
{"method":"POST","url":"/api/auth/confirmResetPassword","timeStamp":"06/12/2023 13:50:22"}
{"message":"Có lỗi xảy ra, vui lòng thử lại","method":"POST","url":"/api/auth/confirmResetPassword","timeStamp":"06/12/2023 13:50:22"}
{"method":"POST","url":"/api/auth/createSessionResetPassword","timeStamp":"06/12/2023 13:50:48"}
{"method":"POST","url":"/api/auth/generateOTP","timeStamp":"06/12/2023 13:50:51"}
{"method":"POST","url":"/api/auth/confirmOTP","timeStamp":"06/12/2023 13:50:58"}
{"message":"Mã OTP không chính xác, vui lòng kiểm tra lại","method":"POST","url":"/api/auth/confirmOTP","timeStamp":"06/12/2023 13:50:58"}
{"method":"POST","url":"/api/auth/confirmOTP","timeStamp":"06/12/2023 13:51:05"}
{"message":"Có lỗi xảy ra, vui lòng thử lại","method":"POST","url":"/api/auth/confirmResetPassword","timeStamp":"06/12/2023 13:51:26"}
{"method":"POST","url":"/api/auth/confirmResetPassword","timeStamp":"06/12/2023 13:51:26"}
{"method":"POST","url":"/api/auth/confirmResetPassword","timeStamp":"06/12/2023 13:52:18"}
{"message":"Có lỗi xảy ra, vui lòng thử lại","method":"POST","url":"/api/auth/confirmResetPassword","timeStamp":"06/12/2023 13:52:18"}
{"method":"POST","url":"/api/auth/createSessionResetPassword","timeStamp":"06/12/2023 13:52:24"}
{"method":"POST","url":"/api/auth/generateOTP","timeStamp":"06/12/2023 13:52:27"}
{"method":"POST","url":"/api/auth/confirmOTP","timeStamp":"06/12/2023 13:52:37"}
{"message":"Mã OTP không chính xác, vui lòng kiểm tra lại","method":"POST","url":"/api/auth/confirmOTP","timeStamp":"06/12/2023 13:52:37"}
{"method":"POST","url":"/api/auth/confirmOTP","timeStamp":"06/12/2023 13:52:39"}
{"method":"POST","url":"/api/auth/confirmResetPassword","timeStamp":"06/12/2023 13:52:43"}
{"method":"POST","url":"/api/auth/login","timeStamp":"06/12/2023 13:52:53"}
{"message":"Mật khẩu không đúng!","method":"POST","url":"/api/auth/login","timeStamp":"06/12/2023 13:52:53"}
{"method":"POST","url":"/api/auth/login","timeStamp":"06/12/2023 13:52:57"}
{"method":"POST","url":"/api/auth/generateOTP","timeStamp":"06/12/2023 13:53:05"}
{"message":"Tạo OTP không thành công","method":"POST","url":"/api/auth/generateOTP","timeStamp":"06/12/2023 13:53:05"}
{"method":"POST","url":"/api/auth/confirmOTP","timeStamp":"06/12/2023 13:53:08"}
{"message":"Mã OTP không chính xác, vui lòng kiểm tra lại","method":"POST","url":"/api/auth/confirmOTP","timeStamp":"06/12/2023 13:53:08"}
{"method":"POST","url":"/api/auth/createSessionResetPassword","timeStamp":"06/12/2023 13:53:10"}
{"method":"POST","url":"/api/auth/generateOTP","timeStamp":"06/12/2023 13:53:12"}
{"method":"POST","url":"/api/auth/confirmOTP","timeStamp":"06/12/2023 13:53:24"}
{"method":"POST","url":"/api/auth/confirmResetPassword","timeStamp":"06/12/2023 13:53:31"}
{"method":"POST","url":"/api/auth/login","timeStamp":"06/12/2023 13:53:56"}
