{"method":"GET","url":"/api/employees?page=1&limit=10","timeStamp":"20/12/2023 14:13:19"}
{"message":"AT hết hạn, refresh lại token mau lên","method":"GET","url":"/api/employees?page=1&limit=10","timeStamp":"20/12/2023 14:13:19"}
{"method":"POST","url":"/api/auth/refresh-token","timeStamp":"20/12/2023 14:13:19"}
{"method":"GET","url":"/api/employees?page=1&limit=10","timeStamp":"20/12/2023 14:13:20"}
{"method":"DELETE","url":"/api/employees/657ac27af3d1fe9791e72d96","timeStamp":"20/12/2023 14:13:20"}
{"message":"AT hết hạn, refresh lại token mau lên","method":"DELETE","url":"/api/employees/657ac27af3d1fe9791e72d96","timeStamp":"20/12/2023 14:13:20"}
{"method":"POST","url":"/api/auth/refresh-token","timeStamp":"20/12/2023 14:13:20"}
{"method":"DELETE","url":"/api/employees/657ac27af3d1fe9791e72d96","timeStamp":"20/12/2023 14:13:21"}
{"method":"GET","url":"/api/employees?page=1&limit=10","timeStamp":"20/12/2023 14:13:22"}
{"message":"AT hết hạn, refresh lại token mau lên","method":"GET","url":"/api/employees?page=1&limit=10","timeStamp":"20/12/2023 14:13:22"}
{"method":"POST","url":"/api/auth/refresh-token","timeStamp":"20/12/2023 14:13:22"}
{"method":"GET","url":"/api/employees?page=1&limit=10","timeStamp":"20/12/2023 14:13:23"}
{"method":"DELETE","url":"/api/employees/657ac28df3d1fe9791e72d9e","timeStamp":"20/12/2023 14:13:29"}
{"message":"AT hết hạn, refresh lại token mau lên","method":"DELETE","url":"/api/employees/657ac28df3d1fe9791e72d9e","timeStamp":"20/12/2023 14:13:29"}
{"method":"POST","url":"/api/auth/refresh-token","timeStamp":"20/12/2023 14:13:29"}
{"method":"DELETE","url":"/api/employees/657ac28df3d1fe9791e72d9e","timeStamp":"20/12/2023 14:13:30"}
{"method":"GET","url":"/api/employees?page=1&limit=10","timeStamp":"20/12/2023 14:13:31"}
{"message":"AT hết hạn, refresh lại token mau lên","method":"GET","url":"/api/employees?page=1&limit=10","timeStamp":"20/12/2023 14:13:31"}
{"method":"POST","url":"/api/auth/refresh-token","timeStamp":"20/12/2023 14:13:31"}
{"method":"GET","url":"/api/employees?page=1&limit=10","timeStamp":"20/12/2023 14:13:32"}
{"method":"GET","url":"/api/employees?page=1&limit=10","timeStamp":"20/12/2023 14:13:57"}
{"message":"AT hết hạn, refresh lại token mau lên","method":"GET","url":"/api/employees?page=1&limit=10","timeStamp":"20/12/2023 14:13:57"}
{"method":"POST","url":"/api/auth/refresh-token","timeStamp":"20/12/2023 14:13:57"}
{"method":"GET","url":"/api/employees?page=1&limit=10","timeStamp":"20/12/2023 14:13:58"}
{"method":"GET","url":"/api/employees?page=1&limit=10","timeStamp":"20/12/2023 14:14:08"}
{"message":"AT hết hạn, refresh lại token mau lên","method":"GET","url":"/api/employees?page=1&limit=10","timeStamp":"20/12/2023 14:14:08"}
{"method":"POST","url":"/api/auth/refresh-token","timeStamp":"20/12/2023 14:14:08"}
{"method":"GET","url":"/api/employees?page=1&limit=10","timeStamp":"20/12/2023 14:14:09"}
{"method":"GET","url":"/api/employees?page=1&limit=10","timeStamp":"20/12/2023 14:14:22"}
{"message":"AT hết hạn, refresh lại token mau lên","method":"GET","url":"/api/employees?page=1&limit=10","timeStamp":"20/12/2023 14:14:22"}
{"method":"POST","url":"/api/auth/refresh-token","timeStamp":"20/12/2023 14:14:22"}
{"method":"GET","url":"/api/employees?page=1&limit=10","timeStamp":"20/12/2023 14:14:23"}
{"method":"DELETE","url":"/api/employees/657d14fec4e87283caf805f3","timeStamp":"20/12/2023 14:14:25"}
{"message":"AT hết hạn, refresh lại token mau lên","method":"DELETE","url":"/api/employees/657d14fec4e87283caf805f3","timeStamp":"20/12/2023 14:14:25"}
{"method":"POST","url":"/api/auth/refresh-token","timeStamp":"20/12/2023 14:14:25"}
{"method":"DELETE","url":"/api/employees/657d14fec4e87283caf805f3","timeStamp":"20/12/2023 14:14:26"}
{"method":"GET","url":"/api/employees?page=1&limit=10","timeStamp":"20/12/2023 14:14:28"}
{"message":"AT hết hạn, refresh lại token mau lên","method":"GET","url":"/api/employees?page=1&limit=10","timeStamp":"20/12/2023 14:14:28"}
{"method":"POST","url":"/api/auth/refresh-token","timeStamp":"20/12/2023 14:14:28"}
{"method":"GET","url":"/api/employees?page=1&limit=10","timeStamp":"20/12/2023 14:14:29"}
{"method":"GET","url":"/api/employees?page=1&limit=10","timeStamp":"20/12/2023 14:15:17"}
{"message":"AT hết hạn, refresh lại token mau lên","method":"GET","url":"/api/employees?page=1&limit=10","timeStamp":"20/12/2023 14:15:17"}
{"method":"POST","url":"/api/auth/refresh-token","timeStamp":"20/12/2023 14:15:17"}
{"method":"GET","url":"/api/employees?page=1&limit=10","timeStamp":"20/12/2023 14:15:18"}
{"method":"GET","url":"/api/employees?page=1&limit=10","timeStamp":"20/12/2023 14:15:21"}
{"message":"AT hết hạn, refresh lại token mau lên","method":"GET","url":"/api/employees?page=1&limit=10","timeStamp":"20/12/2023 14:15:21"}
{"method":"POST","url":"/api/auth/refresh-token","timeStamp":"20/12/2023 14:15:21"}
{"method":"GET","url":"/api/employees?page=1&limit=10","timeStamp":"20/12/2023 14:15:22"}
{"method":"GET","url":"/api/employees?page=1&limit=10","timeStamp":"20/12/2023 14:15:27"}
{"message":"AT hết hạn, refresh lại token mau lên","method":"GET","url":"/api/employees?page=1&limit=10","timeStamp":"20/12/2023 14:15:27"}
{"method":"POST","url":"/api/auth/refresh-token","timeStamp":"20/12/2023 14:15:27"}
{"method":"GET","url":"/api/employees?page=1&limit=10","timeStamp":"20/12/2023 14:15:28"}
{"method":"DELETE","url":"/api/employees/657ac2acf3d1fe9791e72db5","timeStamp":"20/12/2023 14:15:31"}
{"message":"AT hết hạn, refresh lại token mau lên","method":"DELETE","url":"/api/employees/657ac2acf3d1fe9791e72db5","timeStamp":"20/12/2023 14:15:31"}
{"method":"POST","url":"/api/auth/refresh-token","timeStamp":"20/12/2023 14:15:31"}
{"method":"DELETE","url":"/api/employees/657ac2acf3d1fe9791e72db5","timeStamp":"20/12/2023 14:15:32"}
{"method":"GET","url":"/api/employees?page=1&limit=10","timeStamp":"20/12/2023 14:15:33"}
{"message":"AT hết hạn, refresh lại token mau lên","method":"GET","url":"/api/employees?page=1&limit=10","timeStamp":"20/12/2023 14:15:34"}
{"method":"POST","url":"/api/auth/refresh-token","timeStamp":"20/12/2023 14:15:34"}
{"method":"GET","url":"/api/employees?page=1&limit=10","timeStamp":"20/12/2023 14:15:34"}
{"method":"DELETE","url":"/api/employees/657d155fc4e87283caf80612","timeStamp":"20/12/2023 14:15:38"}
{"message":"AT hết hạn, refresh lại token mau lên","method":"DELETE","url":"/api/employees/657d155fc4e87283caf80612","timeStamp":"20/12/2023 14:15:39"}
{"method":"POST","url":"/api/auth/refresh-token","timeStamp":"20/12/2023 14:15:39"}
{"method":"DELETE","url":"/api/employees/657d155fc4e87283caf80612","timeStamp":"20/12/2023 14:15:40"}
{"method":"GET","url":"/api/employees?page=1&limit=10","timeStamp":"20/12/2023 14:15:41"}
{"message":"AT hết hạn, refresh lại token mau lên","method":"GET","url":"/api/employees?page=1&limit=10","timeStamp":"20/12/2023 14:15:41"}
{"method":"POST","url":"/api/auth/refresh-token","timeStamp":"20/12/2023 14:15:41"}
{"method":"GET","url":"/api/employees?page=1&limit=10","timeStamp":"20/12/2023 14:15:42"}
{"method":"GET","url":"/api/employees?page=1&limit=10","timeStamp":"20/12/2023 14:17:22"}
{"message":"AT hết hạn, refresh lại token mau lên","method":"GET","url":"/api/employees?page=1&limit=10","timeStamp":"20/12/2023 14:17:22"}
{"method":"POST","url":"/api/auth/refresh-token","timeStamp":"20/12/2023 14:17:22"}
{"method":"GET","url":"/api/employees?page=1&limit=10","timeStamp":"20/12/2023 14:17:23"}
{"method":"GET","url":"/api/employees?page=1&limit=10","timeStamp":"20/12/2023 14:17:26"}
{"message":"AT hết hạn, refresh lại token mau lên","method":"GET","url":"/api/employees?page=1&limit=10","timeStamp":"20/12/2023 14:17:26"}
{"method":"POST","url":"/api/auth/refresh-token","timeStamp":"20/12/2023 14:17:26"}
{"method":"GET","url":"/api/employees?page=1&limit=10","timeStamp":"20/12/2023 14:17:27"}
{"method":"GET","url":"/api/employees?page=1&limit=10","timeStamp":"20/12/2023 14:17:29"}
{"message":"AT hết hạn, refresh lại token mau lên","method":"GET","url":"/api/employees?page=1&limit=10","timeStamp":"20/12/2023 14:17:29"}
{"method":"POST","url":"/api/auth/refresh-token","timeStamp":"20/12/2023 14:17:29"}
{"method":"GET","url":"/api/employees?page=1&limit=10","timeStamp":"20/12/2023 14:17:30"}
{"method":"GET","url":"/api/employees?page=1&limit=10","timeStamp":"20/12/2023 14:17:57"}
{"message":"AT hết hạn, refresh lại token mau lên","method":"GET","url":"/api/employees?page=1&limit=10","timeStamp":"20/12/2023 14:17:57"}
{"method":"POST","url":"/api/auth/refresh-token","timeStamp":"20/12/2023 14:17:57"}
{"method":"GET","url":"/api/employees?page=1&limit=10","timeStamp":"20/12/2023 14:17:58"}
{"method":"GET","url":"/api/employees?page=1&limit=10","timeStamp":"20/12/2023 14:18:09"}
{"message":"AT hết hạn, refresh lại token mau lên","method":"GET","url":"/api/employees?page=1&limit=10","timeStamp":"20/12/2023 14:18:10"}
{"method":"POST","url":"/api/auth/refresh-token","timeStamp":"20/12/2023 14:18:10"}
{"method":"GET","url":"/api/employees?page=1&limit=10","timeStamp":"20/12/2023 14:18:11"}
{"method":"GET","url":"/api/employees?page=1&limit=10","timeStamp":"20/12/2023 14:18:38"}
{"message":"AT hết hạn, refresh lại token mau lên","method":"GET","url":"/api/employees?page=1&limit=10","timeStamp":"20/12/2023 14:18:38"}
{"method":"POST","url":"/api/auth/refresh-token","timeStamp":"20/12/2023 14:18:38"}
{"method":"GET","url":"/api/employees?page=1&limit=10","timeStamp":"20/12/2023 14:18:39"}
{"method":"DELETE","url":"/api/employees/657d239f8f2c3dcf688cd6a3","timeStamp":"20/12/2023 14:18:43"}
{"message":"AT hết hạn, refresh lại token mau lên","method":"DELETE","url":"/api/employees/657d239f8f2c3dcf688cd6a3","timeStamp":"20/12/2023 14:18:44"}
{"method":"POST","url":"/api/auth/refresh-token","timeStamp":"20/12/2023 14:18:44"}
{"method":"DELETE","url":"/api/employees/657d239f8f2c3dcf688cd6a3","timeStamp":"20/12/2023 14:18:45"}
{"method":"GET","url":"/api/employees?page=1&limit=10","timeStamp":"20/12/2023 14:18:46"}
{"message":"AT hết hạn, refresh lại token mau lên","method":"GET","url":"/api/employees?page=1&limit=10","timeStamp":"20/12/2023 14:18:46"}
{"method":"POST","url":"/api/auth/refresh-token","timeStamp":"20/12/2023 14:18:46"}
{"method":"GET","url":"/api/employees?page=1&limit=10","timeStamp":"20/12/2023 14:18:47"}
{"method":"DELETE","url":"/api/employees/657fa98486117dce2977b28e","timeStamp":"20/12/2023 14:18:52"}
{"message":"AT hết hạn, refresh lại token mau lên","method":"DELETE","url":"/api/employees/657fa98486117dce2977b28e","timeStamp":"20/12/2023 14:18:52"}
{"method":"POST","url":"/api/auth/refresh-token","timeStamp":"20/12/2023 14:18:52"}
{"method":"DELETE","url":"/api/employees/657fa98486117dce2977b28e","timeStamp":"20/12/2023 14:18:53"}
{"method":"GET","url":"/api/employees?page=1&limit=10","timeStamp":"20/12/2023 14:18:54"}
{"message":"AT hết hạn, refresh lại token mau lên","method":"GET","url":"/api/employees?page=1&limit=10","timeStamp":"20/12/2023 14:18:55"}
{"method":"POST","url":"/api/auth/refresh-token","timeStamp":"20/12/2023 14:18:55"}
{"method":"GET","url":"/api/employees?page=1&limit=10","timeStamp":"20/12/2023 14:18:56"}
{"method":"GET","url":"/api/employees?page=1&limit=10","timeStamp":"20/12/2023 14:19:43"}
{"message":"AT hết hạn, refresh lại token mau lên","method":"GET","url":"/api/employees?page=1&limit=10","timeStamp":"20/12/2023 14:19:44"}
{"method":"POST","url":"/api/auth/refresh-token","timeStamp":"20/12/2023 14:19:44"}
{"method":"GET","url":"/api/employees?page=1&limit=10","timeStamp":"20/12/2023 14:19:45"}
{"method":"GET","url":"/api/employees?page=1&limit=10","timeStamp":"20/12/2023 14:19:59"}
{"message":"AT hết hạn, refresh lại token mau lên","method":"GET","url":"/api/employees?page=1&limit=10","timeStamp":"20/12/2023 14:20:00"}
{"method":"POST","url":"/api/auth/refresh-token","timeStamp":"20/12/2023 14:20:00"}
{"method":"GET","url":"/api/employees?page=1&limit=10","timeStamp":"20/12/2023 14:20:01"}
{"method":"GET","url":"/api/employees?page=1&limit=10","timeStamp":"20/12/2023 14:20:26"}
{"message":"AT hết hạn, refresh lại token mau lên","method":"GET","url":"/api/employees?page=1&limit=10","timeStamp":"20/12/2023 14:20:26"}
{"method":"POST","url":"/api/auth/refresh-token","timeStamp":"20/12/2023 14:20:26"}
{"method":"GET","url":"/api/employees?page=1&limit=10","timeStamp":"20/12/2023 14:20:27"}
{"method":"GET","url":"/api/employees?page=1&limit=10","timeStamp":"20/12/2023 14:23:13"}
{"message":"AT hết hạn, refresh lại token mau lên","method":"GET","url":"/api/employees?page=1&limit=10","timeStamp":"20/12/2023 14:23:14"}
{"method":"POST","url":"/api/auth/refresh-token","timeStamp":"20/12/2023 14:23:14"}
{"method":"GET","url":"/api/employees?page=1&limit=10","timeStamp":"20/12/2023 14:23:15"}
{"method":"GET","url":"/api/employees?page=1&limit=10","timeStamp":"20/12/2023 14:31:42"}
{"method":"GET","url":"/api/employees?page=1&limit=10","timeStamp":"20/12/2023 14:31:53"}
{"method":"GET","url":"/api/employees?page=1&limit=10","timeStamp":"20/12/2023 14:41:23"}
{"method":"GET","url":"/api/employees?page=1&limit=10","timeStamp":"20/12/2023 14:50:05"}
{"method":"GET","url":"/api/webs?page=1&limit=10","timeStamp":"20/12/2023 14:50:08"}
{"method":"GET","url":"/api/webs?page=1&limit=10","timeStamp":"20/12/2023 14:50:23"}
{"method":"GET","url":"/api/webs?page=1&limit=10","timeStamp":"20/12/2023 14:55:17"}
{"method":"GET","url":"/api/webs?page=1&limit=10","timeStamp":"20/12/2023 14:59:06"}
{"method":"GET","url":"/api/webs?page=1&limit=10","timeStamp":"20/12/2023 14:59:17"}
{"method":"GET","url":"/api/webs?page=1&limit=10","timeStamp":"20/12/2023 14:59:19"}
{"method":"GET","url":"/api/webs?page=1&limit=10","timeStamp":"20/12/2023 15:04:24"}
{"method":"GET","url":"/api/webs?page=1&limit=10","timeStamp":"20/12/2023 15:04:42"}
{"method":"GET","url":"/api/webs?page=1&limit=10","timeStamp":"20/12/2023 15:04:50"}
{"method":"GET","url":"/api/webs?page=1&limit=10","timeStamp":"20/12/2023 15:04:52"}
{"method":"GET","url":"/api/webs/undefined","timeStamp":"20/12/2023 15:12:08"}
{"method":"GET","url":"/api/webs?page=1&limit=10","timeStamp":"20/12/2023 15:12:08"}
{"method":"GET","url":"/api/webs?page=1&limit=10","timeStamp":"20/12/2023 15:12:09"}
{"method":"GET","url":"/api/webs?page=1&limit=10","timeStamp":"20/12/2023 15:12:11"}
{"method":"GET","url":"/api/webs/","timeStamp":"20/12/2023 15:12:11"}
{"method":"GET","url":"/api/webs?page=1&limit=10","timeStamp":"20/12/2023 15:12:14"}
{"method":"GET","url":"/api/webs?page=1&limit=10","timeStamp":"20/12/2023 15:12:22"}
{"method":"GET","url":"/api/webs?page=1&limit=10","timeStamp":"20/12/2023 15:12:24"}
{"method":"GET","url":"/api/webs/","timeStamp":"20/12/2023 15:12:39"}
{"method":"GET","url":"/api/webs?page=1&limit=10","timeStamp":"20/12/2023 15:12:39"}
{"method":"GET","url":"/api/webs/","timeStamp":"20/12/2023 15:14:09"}
{"method":"GET","url":"/api/webs?page=1&limit=10","timeStamp":"20/12/2023 15:14:09"}
{"method":"GET","url":"/api/webs?page=1&limit=10","timeStamp":"20/12/2023 15:14:19"}
{"method":"GET","url":"/api/webs/","timeStamp":"20/12/2023 15:16:31"}
{"method":"GET","url":"/api/webs?page=1&limit=10","timeStamp":"20/12/2023 15:16:31"}
{"method":"GET","url":"/api/webs?page=1&limit=10","timeStamp":"20/12/2023 15:16:32"}
{"method":"GET","url":"/api/webs/","timeStamp":"20/12/2023 15:16:40"}
{"method":"GET","url":"/api/webs?page=1&limit=10","timeStamp":"20/12/2023 15:16:47"}
{"method":"GET","url":"/api/webs/","timeStamp":"20/12/2023 15:16:47"}
{"method":"GET","url":"/api/employees?page=1&limit=10","timeStamp":"20/12/2023 15:16:49"}
{"method":"GET","url":"/api/webs/","timeStamp":"20/12/2023 15:16:51"}
{"method":"GET","url":"/api/webs?page=1&limit=10","timeStamp":"20/12/2023 15:16:51"}
{"method":"GET","url":"/api/webs?page=1&limit=10","timeStamp":"20/12/2023 15:16:54"}
{"method":"GET","url":"/api/webs/","timeStamp":"20/12/2023 15:16:54"}
{"method":"GET","url":"/api/webs/65791bb500aec61fab578004","timeStamp":"20/12/2023 15:16:56"}
{"method":"GET","url":"/api/webs/65791bb500aec61fab578004","timeStamp":"20/12/2023 15:16:58"}
{"method":"GET","url":"/api/webs/65791bb500aec61fab578004","timeStamp":"20/12/2023 15:17:00"}
{"method":"GET","url":"/api/webs?page=1&limit=10","timeStamp":"20/12/2023 15:17:14"}
{"method":"GET","url":"/api/webs?page=1&limit=10","timeStamp":"20/12/2023 15:17:20"}
{"method":"GET","url":"/api/webs/65791bb500aec61fab578004","timeStamp":"20/12/2023 15:17:20"}
{"method":"GET","url":"/api/webs/65791b7c00aec61fab577feb","timeStamp":"20/12/2023 15:17:23"}
{"method":"GET","url":"/api/webs/65791b7c00aec61fab577feb","timeStamp":"20/12/2023 15:17:25"}
{"method":"GET","url":"/api/webs/","timeStamp":"20/12/2023 15:17:28"}
{"method":"GET","url":"/api/webs?page=1&limit=10","timeStamp":"20/12/2023 15:17:28"}
{"method":"GET","url":"/api/webs?page=1&limit=10","timeStamp":"20/12/2023 15:17:31"}
{"method":"GET","url":"/api/webs?page=1&limit=10","timeStamp":"20/12/2023 15:17:42"}
{"method":"GET","url":"/api/webs?page=1&limit=10","timeStamp":"20/12/2023 15:17:43"}
{"method":"DELETE","url":"/api/webs/65791bb500aec61fab578004","timeStamp":"20/12/2023 15:17:47"}
{"method":"GET","url":"/api/webs?page=1&limit=10","timeStamp":"20/12/2023 15:17:48"}
{"method":"GET","url":"/api/webs/65791bbf00aec61fab57800a","timeStamp":"20/12/2023 15:17:50"}
{"method":"GET","url":"/api/webs/65791bbf00aec61fab57800a","timeStamp":"20/12/2023 15:17:52"}
{"method":"GET","url":"/api/webs/65791bbf00aec61fab57800a","timeStamp":"20/12/2023 15:17:55"}
{"method":"GET","url":"/api/webs/65791bbf00aec61fab57800a","timeStamp":"20/12/2023 15:17:59"}
{"method":"GET","url":"/api/webs/65791baf00aec61fab577ffe","timeStamp":"20/12/2023 15:18:02"}
{"method":"GET","url":"/api/webs/65791baf00aec61fab577ffe","timeStamp":"20/12/2023 15:18:04"}
{"method":"GET","url":"/api/webs/65791baf00aec61fab577ffe","timeStamp":"20/12/2023 15:18:07"}
{"method":"GET","url":"/api/webs/65791baf00aec61fab577ffe","timeStamp":"20/12/2023 15:18:11"}
{"method":"GET","url":"/api/webs/65791baf00aec61fab577ffe","timeStamp":"20/12/2023 15:19:05"}
{"method":"GET","url":"/api/webs?page=1&limit=10","timeStamp":"20/12/2023 15:19:24"}
{"method":"GET","url":"/api/webs/65791baf00aec61fab577ffe","timeStamp":"20/12/2023 15:19:24"}
{"method":"GET","url":"/api/webs/65791baf00aec61fab577ffe","timeStamp":"20/12/2023 15:19:27"}
{"method":"GET","url":"/api/webs/65791baf00aec61fab577ffe","timeStamp":"20/12/2023 15:19:31"}
{"method":"GET","url":"/api/webs?page=1&limit=10","timeStamp":"20/12/2023 15:19:37"}
{"method":"GET","url":"/api/webs/65791baf00aec61fab577ffe","timeStamp":"20/12/2023 15:19:37"}
{"method":"GET","url":"/api/webs/65791baf00aec61fab577ffe","timeStamp":"20/12/2023 15:19:39"}
{"method":"GET","url":"/api/webs/65791baf00aec61fab577ffe","timeStamp":"20/12/2023 15:19:42"}
{"method":"GET","url":"/api/webs/65791baf00aec61fab577ffe","timeStamp":"20/12/2023 15:19:46"}
{"method":"GET","url":"/api/webs?page=1&limit=10","timeStamp":"20/12/2023 15:19:57"}
{"method":"GET","url":"/api/webs/65791baf00aec61fab577ffe","timeStamp":"20/12/2023 15:19:57"}
{"method":"GET","url":"/api/webs/65791baf00aec61fab577ffe","timeStamp":"20/12/2023 15:19:58"}
{"method":"GET","url":"/api/webs/65791baf00aec61fab577ffe","timeStamp":"20/12/2023 15:20:01"}
{"method":"GET","url":"/api/webs/65791baf00aec61fab577ffe","timeStamp":"20/12/2023 15:20:05"}
{"method":"GET","url":"/api/webs/65791baf00aec61fab577ffe","timeStamp":"20/12/2023 15:20:23"}
{"method":"GET","url":"/api/webs/65791baf00aec61fab577ffe","timeStamp":"20/12/2023 15:20:25"}
{"method":"GET","url":"/api/webs?page=1&limit=10","timeStamp":"20/12/2023 15:20:32"}
{"method":"GET","url":"/api/webs/65791baf00aec61fab577ffe","timeStamp":"20/12/2023 15:20:32"}
{"method":"GET","url":"/api/webs?limit=10&page=1","timeStamp":"20/12/2023 15:21:17"}
{"message":"Vui lòng đăng nhập lại","method":"GET","url":"/api/webs?limit=10&page=1","timeStamp":"20/12/2023 15:21:18"}
{"method":"POST","url":"/api/auth/login","timeStamp":"20/12/2023 15:21:25"}
{"method":"GET","url":"/api/webs?limit=10&page=1","timeStamp":"20/12/2023 15:21:30"}
{"method":"GET","url":"/api/webs/65790ed02e21d37111625b1d","timeStamp":"20/12/2023 15:21:38"}
{"method":"GET","url":"/api/webs?page=1&limit=10","timeStamp":"20/12/2023 15:21:40"}
{"method":"GET","url":"/api/webs/65791baf00aec61fab577ffe","timeStamp":"20/12/2023 15:21:40"}
{"message":"Vui lòng đăng nhập lại","method":"GET","url":"/api/webs/65791baf00aec61fab577ffe","timeStamp":"20/12/2023 15:21:41"}
{"method":"POST","url":"/api/auth/refresh-token","timeStamp":"20/12/2023 15:21:41"}
{"message":"Vui lòng đăng nhập lại","method":"GET","url":"/api/webs?page=1&limit=10","timeStamp":"20/12/2023 15:21:41"}
{"method":"POST","url":"/api/auth/refresh-token","timeStamp":"20/12/2023 15:21:41"}
{"message":"Refresh token dost not exist","method":"POST","url":"/api/auth/refresh-token","timeStamp":"20/12/2023 15:21:41"}
{"message":"Refresh token dost not exist","method":"POST","url":"/api/auth/refresh-token","timeStamp":"20/12/2023 15:21:41"}
{"method":"GET","url":"/api/webs/65790ed02e21d37111625b1d","timeStamp":"20/12/2023 15:22:47"}
{"method":"GET","url":"/api/webs/65791baf00aec61fab577ffe","timeStamp":"20/12/2023 15:22:54"}
{"message":"Vui lòng đăng nhập lại","method":"GET","url":"/api/webs/65791baf00aec61fab577ffe","timeStamp":"20/12/2023 15:22:54"}
{"method":"GET","url":"/api/webs?page=1&limit=10","timeStamp":"20/12/2023 15:22:54"}
{"message":"Vui lòng đăng nhập lại","method":"GET","url":"/api/webs?page=1&limit=10","timeStamp":"20/12/2023 15:22:54"}
{"method":"POST","url":"/api/auth/refresh-token","timeStamp":"20/12/2023 15:22:54"}
{"message":"Phiên bảng đăng nhập hết hạn, vui lòng đăng nhập lại","method":"POST","url":"/api/auth/refresh-token","timeStamp":"20/12/2023 15:22:54"}
{"method":"POST","url":"/api/auth/refresh-token","timeStamp":"20/12/2023 15:22:54"}
{"message":"Phiên bảng đăng nhập hết hạn, vui lòng đăng nhập lại","method":"POST","url":"/api/auth/refresh-token","timeStamp":"20/12/2023 15:22:54"}
{"method":"GET","url":"/api/webs/65790ed02e21d37111625b1d","timeStamp":"20/12/2023 15:23:21"}
{"method":"GET","url":"/api/webs/65790ed02e21d37111625b1d","timeStamp":"20/12/2023 15:23:27"}
{"method":"POST","url":"/api/auth/login","timeStamp":"20/12/2023 15:23:39"}
{"method":"GET","url":"/api/webs?page=1&limit=10","timeStamp":"20/12/2023 15:23:44"}
{"method":"GET","url":"/api/webs/65790ed02e21d37111625b1d","timeStamp":"20/12/2023 15:23:47"}
{"message":"AT hết hạn, refresh lại token mau lên","method":"GET","url":"/api/webs/65790ed02e21d37111625b1d","timeStamp":"20/12/2023 15:23:47"}
{"method":"POST","url":"/api/auth/refresh-token","timeStamp":"20/12/2023 15:23:47"}
{"method":"GET","url":"/api/webs/65790ed02e21d37111625b1d","timeStamp":"20/12/2023 15:23:48"}
{"method":"GET","url":"/api/webs/65790ed02e21d37111625b1d","timeStamp":"20/12/2023 15:23:52"}
{"message":"AT hết hạn, refresh lại token mau lên","method":"GET","url":"/api/webs/65790ed02e21d37111625b1d","timeStamp":"20/12/2023 15:23:53"}
{"method":"POST","url":"/api/auth/refresh-token","timeStamp":"20/12/2023 15:23:53"}
{"method":"GET","url":"/api/webs/65790ed02e21d37111625b1d","timeStamp":"20/12/2023 15:23:53"}
{"method":"GET","url":"/api/webs/65790ed02e21d37111625b1d","timeStamp":"20/12/2023 15:23:54"}
{"message":"AT hết hạn, refresh lại token mau lên","method":"GET","url":"/api/webs/65790ed02e21d37111625b1d","timeStamp":"20/12/2023 15:23:55"}
{"method":"POST","url":"/api/auth/refresh-token","timeStamp":"20/12/2023 15:23:55"}
{"method":"GET","url":"/api/webs/65790ed02e21d37111625b1d","timeStamp":"20/12/2023 15:23:55"}
{"method":"GET","url":"/api/webs?page=1&limit=10","timeStamp":"20/12/2023 15:26:48"}
{"method":"GET","url":"/api/webs/65791b7c00aec61fab577feb","timeStamp":"20/12/2023 15:26:49"}
{"message":"AT hết hạn, refresh lại token mau lên","method":"GET","url":"/api/webs/65791b7c00aec61fab577feb","timeStamp":"20/12/2023 15:26:50"}
{"method":"POST","url":"/api/auth/refresh-token","timeStamp":"20/12/2023 15:26:50"}
{"method":"GET","url":"/api/webs/65791b7c00aec61fab577feb","timeStamp":"20/12/2023 15:26:50"}
{"method":"GET","url":"/api/webs/65791b7c00aec61fab577feb","timeStamp":"20/12/2023 15:26:54"}
{"message":"AT hết hạn, refresh lại token mau lên","method":"GET","url":"/api/webs/65791b7c00aec61fab577feb","timeStamp":"20/12/2023 15:26:54"}
{"method":"POST","url":"/api/auth/refresh-token","timeStamp":"20/12/2023 15:26:54"}
{"method":"GET","url":"/api/webs/65791b7c00aec61fab577feb","timeStamp":"20/12/2023 15:26:55"}
{"method":"GET","url":"/api/webs?page=1&limit=10","timeStamp":"20/12/2023 15:27:24"}
{"method":"GET","url":"/api/webs/65791baf00aec61fab577ffe","timeStamp":"20/12/2023 15:27:32"}
{"message":"AT hết hạn, refresh lại token mau lên","method":"GET","url":"/api/webs/65791baf00aec61fab577ffe","timeStamp":"20/12/2023 15:27:32"}
{"method":"POST","url":"/api/auth/refresh-token","timeStamp":"20/12/2023 15:27:32"}
{"method":"GET","url":"/api/webs/65791baf00aec61fab577ffe","timeStamp":"20/12/2023 15:27:33"}
{"method":"GET","url":"/api/webs/65791baf00aec61fab577ffe","timeStamp":"20/12/2023 15:27:50"}
{"method":"GET","url":"/api/webs?page=1&limit=10","timeStamp":"20/12/2023 15:27:50"}
{"message":"AT hết hạn, refresh lại token mau lên","method":"GET","url":"/api/webs/65791baf00aec61fab577ffe","timeStamp":"20/12/2023 15:27:50"}
{"method":"POST","url":"/api/auth/refresh-token","timeStamp":"20/12/2023 15:27:50"}
{"method":"GET","url":"/api/webs/65791baf00aec61fab577ffe","timeStamp":"20/12/2023 15:27:51"}
{"method":"GET","url":"/api/webs/65791baf00aec61fab577ffe","timeStamp":"20/12/2023 15:28:43"}
{"message":"AT hết hạn, refresh lại token mau lên","method":"GET","url":"/api/webs/65791baf00aec61fab577ffe","timeStamp":"20/12/2023 15:28:44"}
{"method":"POST","url":"/api/auth/refresh-token","timeStamp":"20/12/2023 15:28:44"}
{"method":"GET","url":"/api/webs?page=1&limit=10","timeStamp":"20/12/2023 15:28:45"}
{"method":"GET","url":"/api/webs/65791baf00aec61fab577ffe","timeStamp":"20/12/2023 15:28:45"}
{"message":"Vui lòng đăng nhập lại","method":"GET","url":"/api/webs?page=1&limit=10","timeStamp":"20/12/2023 15:28:45"}
{"method":"POST","url":"/api/auth/refresh-token","timeStamp":"20/12/2023 15:28:45"}
{"method":"GET","url":"/api/webs?page=1&limit=10","timeStamp":"20/12/2023 15:28:46"}
{"method":"GET","url":"/api/webs/65791baf00aec61fab577ffe","timeStamp":"20/12/2023 15:28:59"}
{"method":"GET","url":"/api/webs?page=1&limit=10","timeStamp":"20/12/2023 15:28:59"}
{"message":"AT hết hạn, refresh lại token mau lên","method":"GET","url":"/api/webs/65791baf00aec61fab577ffe","timeStamp":"20/12/2023 15:28:59"}
{"method":"POST","url":"/api/auth/refresh-token","timeStamp":"20/12/2023 15:28:59"}
{"method":"GET","url":"/api/webs/65791baf00aec61fab577ffe","timeStamp":"20/12/2023 15:29:00"}
{"method":"GET","url":"/api/webs?page=1&limit=10","timeStamp":"20/12/2023 15:29:01"}
{"method":"GET","url":"/api/webs/65791baf00aec61fab577ffe","timeStamp":"20/12/2023 15:29:02"}
{"method":"GET","url":"/api/webs?page=1&limit=10","timeStamp":"20/12/2023 15:29:02"}
{"message":"AT hết hạn, refresh lại token mau lên","method":"GET","url":"/api/webs/65791baf00aec61fab577ffe","timeStamp":"20/12/2023 15:29:02"}
{"method":"POST","url":"/api/auth/refresh-token","timeStamp":"20/12/2023 15:29:02"}
{"method":"GET","url":"/api/webs/65791baf00aec61fab577ffe","timeStamp":"20/12/2023 15:29:03"}
{"method":"GET","url":"/api/webs/65791baf00aec61fab577ffe","timeStamp":"20/12/2023 15:29:04"}
{"method":"GET","url":"/api/webs?page=1&limit=10","timeStamp":"20/12/2023 15:29:04"}
{"message":"AT hết hạn, refresh lại token mau lên","method":"GET","url":"/api/webs/65791baf00aec61fab577ffe","timeStamp":"20/12/2023 15:29:04"}
{"method":"POST","url":"/api/auth/refresh-token","timeStamp":"20/12/2023 15:29:04"}
{"method":"GET","url":"/api/webs/65791baf00aec61fab577ffe","timeStamp":"20/12/2023 15:29:05"}
{"method":"GET","url":"/api/webs/65791baf00aec61fab577ffe","timeStamp":"20/12/2023 15:29:09"}
{"message":"AT hết hạn, refresh lại token mau lên","method":"GET","url":"/api/webs/65791baf00aec61fab577ffe","timeStamp":"20/12/2023 15:29:10"}
{"method":"POST","url":"/api/auth/refresh-token","timeStamp":"20/12/2023 15:29:10"}
{"method":"GET","url":"/api/webs/65791baf00aec61fab577ffe","timeStamp":"20/12/2023 15:29:11"}
{"method":"GET","url":"/api/webs/657fe6e27cb9a8667104867b","timeStamp":"20/12/2023 15:29:20"}
{"message":"AT hết hạn, refresh lại token mau lên","method":"GET","url":"/api/webs/657fe6e27cb9a8667104867b","timeStamp":"20/12/2023 15:29:21"}
{"method":"POST","url":"/api/auth/refresh-token","timeStamp":"20/12/2023 15:29:21"}
{"method":"GET","url":"/api/webs/657fe6e27cb9a8667104867b","timeStamp":"20/12/2023 15:29:21"}
{"method":"POST","url":"/api/auth/logout","timeStamp":"20/12/2023 15:29:28"}
{"method":"POST","url":"/api/auth/login","timeStamp":"20/12/2023 15:29:42"}
{"method":"GET","url":"/api/webs?page=1&limit=10","timeStamp":"20/12/2023 15:29:46"}
{"method":"GET","url":"/api/webs/657fe6e27cb9a8667104867b","timeStamp":"20/12/2023 15:29:57"}
{"message":"AT hết hạn, refresh lại token mau lên","method":"GET","url":"/api/webs/657fe6e27cb9a8667104867b","timeStamp":"20/12/2023 15:29:57"}
{"method":"POST","url":"/api/auth/refresh-token","timeStamp":"20/12/2023 15:29:57"}
{"method":"GET","url":"/api/webs/657fe6e27cb9a8667104867b","timeStamp":"20/12/2023 15:29:58"}
{"method":"GET","url":"/api/webs?page=1&limit=10","timeStamp":"20/12/2023 15:30:35"}
{"method":"GET","url":"/api/webs/657fe6e27cb9a8667104867b","timeStamp":"20/12/2023 15:30:35"}
{"message":"AT hết hạn, refresh lại token mau lên","method":"GET","url":"/api/webs/657fe6e27cb9a8667104867b","timeStamp":"20/12/2023 15:30:39"}
{"method":"POST","url":"/api/auth/refresh-token","timeStamp":"20/12/2023 15:30:39"}
{"method":"GET","url":"/api/webs/657fe6e27cb9a8667104867b","timeStamp":"20/12/2023 15:30:40"}
{"method":"GET","url":"/api/webs?page=1&limit=10","timeStamp":"20/12/2023 15:31:00"}
{"method":"GET","url":"/api/webs?page=1&limit=10","timeStamp":"20/12/2023 15:32:10"}
{"method":"POST","url":"/api/auth/logout","timeStamp":"20/12/2023 15:32:14"}
{"method":"POST","url":"/api/auth/login","timeStamp":"20/12/2023 15:32:20"}
{"method":"GET","url":"/api/webs?page=1&limit=10","timeStamp":"20/12/2023 15:32:24"}
{"method":"DELETE","url":"/api/webs/65791baf00aec61fab577ffe","timeStamp":"20/12/2023 15:32:28"}
{"method":"GET","url":"/api/webs?page=1&limit=10","timeStamp":"20/12/2023 15:32:29"}
{"method":"GET","url":"/api/webs/65791bbf00aec61fab57800a","timeStamp":"20/12/2023 15:32:31"}
{"message":"AT hết hạn, refresh lại token mau lên","method":"GET","url":"/api/webs/65791bbf00aec61fab57800a","timeStamp":"20/12/2023 15:32:31"}
{"method":"POST","url":"/api/auth/refresh-token","timeStamp":"20/12/2023 15:32:31"}
{"method":"GET","url":"/api/webs/65791bbf00aec61fab57800a","timeStamp":"20/12/2023 15:32:32"}
{"method":"GET","url":"/api/webs?page=1&limit=10","timeStamp":"20/12/2023 15:32:44"}
{"method":"GET","url":"/api/webs/65791bbf00aec61fab57800a","timeStamp":"20/12/2023 15:32:44"}
{"message":"AT hết hạn, refresh lại token mau lên","method":"GET","url":"/api/webs/65791bbf00aec61fab57800a","timeStamp":"20/12/2023 15:32:44"}
{"method":"POST","url":"/api/auth/refresh-token","timeStamp":"20/12/2023 15:32:44"}
{"method":"GET","url":"/api/webs/65791bbf00aec61fab57800a","timeStamp":"20/12/2023 15:32:45"}
{"method":"GET","url":"/api/webs?page=1&limit=10","timeStamp":"20/12/2023 15:33:08"}
{"method":"GET","url":"/api/webs/65791bbf00aec61fab57800a","timeStamp":"20/12/2023 15:33:08"}
{"message":"AT hết hạn, refresh lại token mau lên","method":"GET","url":"/api/webs/65791bbf00aec61fab57800a","timeStamp":"20/12/2023 15:33:09"}
{"method":"POST","url":"/api/auth/refresh-token","timeStamp":"20/12/2023 15:33:09"}
{"method":"GET","url":"/api/webs/65791bbf00aec61fab57800a","timeStamp":"20/12/2023 15:33:10"}
{"method":"GET","url":"/api/webs/65791bbf00aec61fab57800a","timeStamp":"20/12/2023 15:33:25"}
{"message":"AT hết hạn, refresh lại token mau lên","method":"GET","url":"/api/webs/65791bbf00aec61fab57800a","timeStamp":"20/12/2023 15:33:26"}
{"method":"POST","url":"/api/auth/refresh-token","timeStamp":"20/12/2023 15:33:26"}
{"method":"GET","url":"/api/webs/65791bbf00aec61fab57800a","timeStamp":"20/12/2023 15:33:27"}
{"method":"GET","url":"/api/webs/65791bbf00aec61fab57800a","timeStamp":"20/12/2023 15:33:27"}
{"message":"AT hết hạn, refresh lại token mau lên","method":"GET","url":"/api/webs/65791bbf00aec61fab57800a","timeStamp":"20/12/2023 15:33:28"}
{"method":"POST","url":"/api/auth/refresh-token","timeStamp":"20/12/2023 15:33:28"}
{"method":"GET","url":"/api/webs/65791bbf00aec61fab57800a","timeStamp":"20/12/2023 15:33:29"}
{"method":"GET","url":"/api/webs?page=1&limit=10","timeStamp":"20/12/2023 15:33:30"}
{"method":"GET","url":"/api/webs?page=1&limit=10","timeStamp":"20/12/2023 15:33:31"}
{"method":"GET","url":"/api/webs?page=1&limit=10","timeStamp":"20/12/2023 15:33:39"}
{"method":"GET","url":"/api/webs?page=1&limit=10","timeStamp":"20/12/2023 15:34:05"}
{"method":"GET","url":"/api/webs?page=1&limit=10","timeStamp":"20/12/2023 15:34:10"}
{"method":"GET","url":"/api/webs/65791b7c00aec61fab577feb","timeStamp":"20/12/2023 15:34:16"}
{"method":"GET","url":"/api/webs/65791b7c00aec61fab577feb","timeStamp":"20/12/2023 15:35:00"}
{"method":"GET","url":"/api/webs/65791b7c00aec61fab577feb","timeStamp":"20/12/2023 15:35:01"}
{"method":"GET","url":"/api/webs/65791b7c00aec61fab577feb","timeStamp":"20/12/2023 15:35:03"}
{"method":"GET","url":"/api/webs?page=1&limit=10","timeStamp":"20/12/2023 15:35:03"}
{"method":"GET","url":"/api/webs?page=1&limit=10","timeStamp":"20/12/2023 15:35:08"}
{"method":"GET","url":"/api/webs/65791bbf00aec61fab57800a","timeStamp":"20/12/2023 15:35:11"}
{"method":"GET","url":"/api/webs?page=1&limit=10","timeStamp":"20/12/2023 15:35:57"}
{"method":"GET","url":"/api/webs/65791bbf00aec61fab57800a","timeStamp":"20/12/2023 15:35:57"}
{"method":"GET","url":"/api/webs/65791bbf00aec61fab57800a","timeStamp":"20/12/2023 15:35:59"}
{"method":"GET","url":"/api/webs/65791bbf00aec61fab57800a","timeStamp":"20/12/2023 15:36:09"}
{"method":"GET","url":"/api/webs/65791bbf00aec61fab57800a","timeStamp":"20/12/2023 15:36:25"}
{"method":"GET","url":"/api/webs/65791bbf00aec61fab57800a","timeStamp":"20/12/2023 15:36:27"}
{"method":"GET","url":"/api/webs/65791bbf00aec61fab57800a","timeStamp":"20/12/2023 15:36:29"}
{"method":"GET","url":"/api/webs/65791bbf00aec61fab57800a","timeStamp":"20/12/2023 15:36:31"}
{"method":"GET","url":"/api/webs/65791bbf00aec61fab57800a","timeStamp":"20/12/2023 15:37:01"}
{"method":"GET","url":"/api/webs/65791bbf00aec61fab57800a","timeStamp":"20/12/2023 15:37:02"}
{"method":"GET","url":"/api/webs/65791bbf00aec61fab57800a","timeStamp":"20/12/2023 15:37:03"}
{"method":"GET","url":"/api/webs?page=1&limit=10","timeStamp":"20/12/2023 15:37:12"}
{"method":"GET","url":"/api/webs?page=1&limit=10","timeStamp":"20/12/2023 15:37:22"}
{"method":"GET","url":"/api/webs/65791b7c00aec61fab577feb","timeStamp":"20/12/2023 15:37:26"}
{"method":"GET","url":"/api/webs/65791b7c00aec61fab577feb","timeStamp":"20/12/2023 15:38:29"}
{"method":"GET","url":"/api/webs/65791b7c00aec61fab577feb","timeStamp":"20/12/2023 15:38:31"}
{"method":"GET","url":"/api/webs/65791b7c00aec61fab577feb","timeStamp":"20/12/2023 15:39:01"}
{"method":"GET","url":"/api/webs/65791b7c00aec61fab577feb","timeStamp":"20/12/2023 15:39:12"}
{"method":"GET","url":"/api/webs?page=1&limit=10","timeStamp":"20/12/2023 15:39:21"}
{"method":"GET","url":"/api/webs/65791b7c00aec61fab577feb","timeStamp":"20/12/2023 15:39:21"}
{"method":"GET","url":"/api/webs/65791b7c00aec61fab577feb","timeStamp":"20/12/2023 15:39:28"}
{"method":"GET","url":"/api/webs/65791bbf00aec61fab57800a","timeStamp":"20/12/2023 15:39:31"}
{"method":"GET","url":"/api/webs?page=1&limit=10","timeStamp":"20/12/2023 15:39:39"}
{"method":"GET","url":"/api/webs?page=1&limit=10","timeStamp":"20/12/2023 15:39:40"}
{"method":"GET","url":"/api/webs?page=1&limit=10","timeStamp":"20/12/2023 15:39:56"}
{"method":"GET","url":"/api/webs/65790ed02e21d37111625b1d","timeStamp":"20/12/2023 15:39:59"}
{"method":"GET","url":"/api/webs?page=1&limit=10","timeStamp":"20/12/2023 15:40:26"}
{"method":"GET","url":"/api/webs/65791bbf00aec61fab57800a","timeStamp":"20/12/2023 15:40:29"}
{"method":"GET","url":"/api/webs/65791b7c00aec61fab577feb","timeStamp":"20/12/2023 15:40:34"}
{"method":"GET","url":"/api/webs/657fe6e27cb9a8667104867b","timeStamp":"20/12/2023 15:40:39"}
{"method":"GET","url":"/api/webs/657fe6e27cb9a8667104867b","timeStamp":"20/12/2023 15:40:48"}
{"method":"GET","url":"/api/webs/657fe6e27cb9a8667104867b","timeStamp":"20/12/2023 15:40:50"}
{"method":"GET","url":"/api/webs/657fe6e27cb9a8667104867b","timeStamp":"20/12/2023 15:40:53"}
{"method":"GET","url":"/api/webs?page=1&limit=10","timeStamp":"20/12/2023 15:40:53"}
{"method":"GET","url":"/api/webs/65790ed02e21d37111625b1d","timeStamp":"20/12/2023 15:40:56"}
{"method":"GET","url":"/api/webs?page=1&limit=10","timeStamp":"20/12/2023 15:41:42"}
{"method":"GET","url":"/api/webs/65790ed02e21d37111625b1d","timeStamp":"20/12/2023 15:41:51"}
{"method":"GET","url":"/api/webs/65790ed02e21d37111625b1d","timeStamp":"20/12/2023 15:41:58"}
{"method":"GET","url":"/api/webs?page=1&limit=10","timeStamp":"20/12/2023 15:42:19"}
{"method":"GET","url":"/api/webs/65791b7c00aec61fab577feb","timeStamp":"20/12/2023 15:42:20"}
{"method":"GET","url":"/api/webs/65791b7c00aec61fab577feb","timeStamp":"20/12/2023 15:42:35"}
{"method":"GET","url":"/api/webs?page=1&limit=10","timeStamp":"20/12/2023 15:42:52"}
{"method":"GET","url":"/api/webs?page=1&limit=10","timeStamp":"20/12/2023 15:42:53"}
{"method":"GET","url":"/api/webs/65791b7c00aec61fab577feb","timeStamp":"20/12/2023 15:42:55"}
{"method":"GET","url":"/api/webs/65791bbf00aec61fab57800a","timeStamp":"20/12/2023 15:42:58"}
{"method":"GET","url":"/api/webs/657fe6e27cb9a8667104867b","timeStamp":"20/12/2023 15:43:00"}
{"method":"GET","url":"/api/webs?page=1&limit=10","timeStamp":"20/12/2023 15:43:03"}
{"method":"GET","url":"/api/webs/65790ed02e21d37111625b1d","timeStamp":"20/12/2023 15:43:05"}
{"method":"GET","url":"/api/webs?page=1&limit=10","timeStamp":"20/12/2023 15:43:38"}
{"method":"GET","url":"/api/webs?page=1&limit=10","timeStamp":"20/12/2023 15:46:33"}
{"method":"GET","url":"/api/webs/65791b7c00aec61fab577feb","timeStamp":"20/12/2023 15:46:35"}
{"method":"GET","url":"/api/webs/65791bbf00aec61fab57800a","timeStamp":"20/12/2023 15:46:40"}
{"method":"GET","url":"/api/webs/65790ed02e21d37111625b1d","timeStamp":"20/12/2023 15:46:43"}
{"method":"GET","url":"/api/webs/65791b7c00aec61fab577feb","timeStamp":"20/12/2023 15:46:45"}
{"method":"GET","url":"/api/webs/65791bbf00aec61fab57800a","timeStamp":"20/12/2023 15:46:46"}
{"method":"GET","url":"/api/webs?page=1&limit=10","timeStamp":"20/12/2023 15:47:04"}
{"method":"GET","url":"/api/employees?page=1&limit=10","timeStamp":"20/12/2023 15:47:20"}
{"method":"GET","url":"/api/webs?page=1&limit=10","timeStamp":"20/12/2023 15:47:22"}
{"method":"GET","url":"/api/webs?page=1&limit=10","timeStamp":"20/12/2023 15:50:04"}
{"method":"GET","url":"/api/webs?page=1&limit=10","timeStamp":"20/12/2023 15:50:06"}
{"method":"GET","url":"/api/webs/65790ed02e21d37111625b1d","timeStamp":"20/12/2023 15:50:10"}
{"method":"GET","url":"/api/webs/65791bbf00aec61fab57800a","timeStamp":"20/12/2023 15:50:12"}
{"method":"GET","url":"/api/webs/657fe6e27cb9a8667104867b","timeStamp":"20/12/2023 15:50:13"}
{"method":"GET","url":"/api/webs/65791b7c00aec61fab577feb","timeStamp":"20/12/2023 15:50:16"}
{"method":"GET","url":"/api/webs?page=1&limit=10","timeStamp":"20/12/2023 15:50:23"}
{"method":"GET","url":"/api/webs?page=1&limit=10","timeStamp":"20/12/2023 15:51:08"}
{"method":"GET","url":"/api/webs?page=1&limit=10","timeStamp":"20/12/2023 15:51:10"}
{"method":"GET","url":"/api/webs?page=1&limit=10","timeStamp":"20/12/2023 15:51:36"}
{"method":"GET","url":"/api/webs?page=1&limit=10","timeStamp":"20/12/2023 15:51:39"}
{"method":"GET","url":"/api/webs/65791bbf00aec61fab57800a","timeStamp":"20/12/2023 15:51:41"}
{"method":"GET","url":"/api/webs/65791b7c00aec61fab577feb","timeStamp":"20/12/2023 15:51:42"}
{"method":"GET","url":"/api/webs?page=1&limit=10","timeStamp":"20/12/2023 15:51:55"}
{"method":"GET","url":"/api/webs?page=1&limit=10","timeStamp":"20/12/2023 15:52:02"}
{"method":"GET","url":"/api/webs?page=1&limit=10","timeStamp":"20/12/2023 15:52:08"}
{"method":"GET","url":"/api/webs/65790ed02e21d37111625b1d","timeStamp":"20/12/2023 15:52:10"}
{"method":"GET","url":"/api/webs/65791b7c00aec61fab577feb","timeStamp":"20/12/2023 15:52:11"}
{"method":"GET","url":"/api/webs/65791bbf00aec61fab57800a","timeStamp":"20/12/2023 15:52:12"}
{"method":"GET","url":"/api/webs/657fe6e27cb9a8667104867b","timeStamp":"20/12/2023 15:52:13"}
{"method":"GET","url":"/api/webs/65791bbf00aec61fab57800a","timeStamp":"20/12/2023 15:52:14"}
{"method":"GET","url":"/api/webs/65791b7c00aec61fab577feb","timeStamp":"20/12/2023 15:52:15"}
{"method":"GET","url":"/api/webs/65790ed02e21d37111625b1d","timeStamp":"20/12/2023 15:52:17"}
{"method":"GET","url":"/api/webs/65791b7c00aec61fab577feb","timeStamp":"20/12/2023 15:52:18"}
{"method":"GET","url":"/api/webs/65791bbf00aec61fab57800a","timeStamp":"20/12/2023 15:52:19"}
{"method":"GET","url":"/api/webs/657fe6e27cb9a8667104867b","timeStamp":"20/12/2023 15:52:20"}
{"method":"GET","url":"/api/webs/65791bbf00aec61fab57800a","timeStamp":"20/12/2023 15:52:45"}
{"method":"GET","url":"/api/webs?page=1&limit=10","timeStamp":"20/12/2023 15:54:20"}
{"method":"GET","url":"/api/webs/65791b7c00aec61fab577feb","timeStamp":"20/12/2023 15:54:22"}
{"method":"GET","url":"/api/webs?page=1&limit=10","timeStamp":"20/12/2023 15:54:49"}
{"method":"GET","url":"/api/webs/65790ed02e21d37111625b1d","timeStamp":"20/12/2023 15:54:51"}
{"method":"GET","url":"/api/webs?page=1&limit=10","timeStamp":"20/12/2023 15:54:57"}
{"method":"GET","url":"/api/webs/65790ed02e21d37111625b1d","timeStamp":"20/12/2023 15:54:57"}
{"method":"GET","url":"/api/webs/65790ed02e21d37111625b1d","timeStamp":"20/12/2023 15:54:58"}
{"method":"GET","url":"/api/webs?page=1&limit=10","timeStamp":"20/12/2023 15:55:03"}
{"method":"GET","url":"/api/webs/65790ed02e21d37111625b1d","timeStamp":"20/12/2023 15:55:03"}
{"method":"GET","url":"/api/webs/65790ed02e21d37111625b1d","timeStamp":"20/12/2023 15:55:09"}
{"method":"GET","url":"/api/webs?page=1&limit=10","timeStamp":"20/12/2023 15:55:09"}
{"method":"GET","url":"/api/webs/65790ed02e21d37111625b1d","timeStamp":"20/12/2023 15:55:21"}
{"method":"GET","url":"/api/webs/65790ed02e21d37111625b1d","timeStamp":"20/12/2023 15:55:22"}
{"method":"GET","url":"/api/webs?page=1&limit=10","timeStamp":"20/12/2023 15:55:29"}
{"method":"GET","url":"/api/webs/65790ed02e21d37111625b1d","timeStamp":"20/12/2023 15:55:29"}
{"method":"GET","url":"/api/webs/65790ed02e21d37111625b1d","timeStamp":"20/12/2023 15:55:37"}
{"method":"GET","url":"/api/webs/65790ed02e21d37111625b1d","timeStamp":"20/12/2023 15:55:40"}
{"method":"GET","url":"/api/webs/65790ed02e21d37111625b1d","timeStamp":"20/12/2023 15:55:45"}
{"method":"GET","url":"/api/webs/65790ed02e21d37111625b1d","timeStamp":"20/12/2023 15:55:48"}
{"method":"GET","url":"/api/webs/65790ed02e21d37111625b1d","timeStamp":"20/12/2023 15:55:49"}
{"method":"GET","url":"/api/webs/65790ed02e21d37111625b1d","timeStamp":"20/12/2023 15:55:50"}
{"method":"GET","url":"/api/webs/65790ed02e21d37111625b1d","timeStamp":"20/12/2023 15:55:53"}
{"method":"GET","url":"/api/webs/65790ed02e21d37111625b1d","timeStamp":"20/12/2023 15:56:00"}
{"method":"GET","url":"/api/webs/65790ed02e21d37111625b1d","timeStamp":"20/12/2023 15:56:01"}
{"method":"GET","url":"/api/webs/65790ed02e21d37111625b1d","timeStamp":"20/12/2023 15:56:06"}
{"method":"GET","url":"/api/webs/65790ed02e21d37111625b1d","timeStamp":"20/12/2023 15:56:07"}
{"method":"GET","url":"/api/webs/65790ed02e21d37111625b1d","timeStamp":"20/12/2023 15:56:09"}
{"method":"GET","url":"/api/webs/65790ed02e21d37111625b1d","timeStamp":"20/12/2023 15:56:11"}
{"method":"GET","url":"/api/webs/65790ed02e21d37111625b1d","timeStamp":"20/12/2023 15:56:12"}
{"method":"GET","url":"/api/webs/65790ed02e21d37111625b1d","timeStamp":"20/12/2023 15:56:13"}
{"method":"GET","url":"/api/webs/65790ed02e21d37111625b1d","timeStamp":"20/12/2023 15:56:19"}
{"method":"GET","url":"/api/webs/65790ed02e21d37111625b1d","timeStamp":"20/12/2023 15:56:20"}
{"method":"GET","url":"/api/webs?page=1&limit=10","timeStamp":"20/12/2023 15:56:21"}
{"method":"GET","url":"/api/webs/65790ed02e21d37111625b1d","timeStamp":"20/12/2023 15:56:33"}
{"method":"GET","url":"/api/webs/65790ed02e21d37111625b1d","timeStamp":"20/12/2023 15:56:38"}
{"method":"GET","url":"/api/webs?page=1&limit=10","timeStamp":"20/12/2023 15:56:38"}
{"method":"GET","url":"/api/webs/65790ed02e21d37111625b1d","timeStamp":"20/12/2023 15:56:42"}
{"method":"GET","url":"/api/webs/65790ed02e21d37111625b1d","timeStamp":"20/12/2023 15:56:46"}
{"method":"GET","url":"/api/webs/65790ed02e21d37111625b1d","timeStamp":"20/12/2023 15:56:48"}
{"method":"GET","url":"/api/webs/65790ed02e21d37111625b1d","timeStamp":"20/12/2023 15:57:10"}
{"method":"GET","url":"/api/webs/65790ed02e21d37111625b1d","timeStamp":"20/12/2023 15:57:11"}
{"method":"GET","url":"/api/webs/65790ed02e21d37111625b1d","timeStamp":"20/12/2023 15:57:16"}
{"method":"GET","url":"/api/webs/65790ed02e21d37111625b1d","timeStamp":"20/12/2023 15:57:20"}
{"method":"GET","url":"/api/webs/65790ed02e21d37111625b1d","timeStamp":"20/12/2023 15:57:27"}
{"method":"GET","url":"/api/webs/65790ed02e21d37111625b1d","timeStamp":"20/12/2023 15:57:34"}
{"method":"GET","url":"/api/webs/65790ed02e21d37111625b1d","timeStamp":"20/12/2023 15:57:35"}
{"method":"GET","url":"/api/webs/65790ed02e21d37111625b1d","timeStamp":"20/12/2023 15:57:39"}
{"method":"GET","url":"/api/webs/65790ed02e21d37111625b1d","timeStamp":"20/12/2023 15:57:43"}
{"method":"GET","url":"/api/webs/65790ed02e21d37111625b1d","timeStamp":"20/12/2023 15:57:44"}
{"method":"GET","url":"/api/webs/65790ed02e21d37111625b1d","timeStamp":"20/12/2023 15:57:50"}
{"method":"GET","url":"/api/webs/65790ed02e21d37111625b1d","timeStamp":"20/12/2023 15:57:51"}
{"method":"GET","url":"/api/webs?page=1&limit=10","timeStamp":"20/12/2023 15:57:51"}
{"method":"GET","url":"/api/webs/65790ed02e21d37111625b1d","timeStamp":"20/12/2023 15:57:58"}
{"method":"GET","url":"/api/webs/65790ed02e21d37111625b1d","timeStamp":"20/12/2023 15:57:59"}
{"method":"GET","url":"/api/webs?page=1&limit=10","timeStamp":"20/12/2023 15:57:59"}
{"method":"GET","url":"/api/webs/65790ed02e21d37111625b1d","timeStamp":"20/12/2023 15:58:15"}
{"method":"GET","url":"/api/webs/65790ed02e21d37111625b1d","timeStamp":"20/12/2023 15:58:18"}
{"method":"GET","url":"/api/webs?page=1&limit=10","timeStamp":"20/12/2023 15:58:18"}
{"method":"GET","url":"/api/webs?page=1&limit=10","timeStamp":"20/12/2023 15:59:39"}
{"method":"GET","url":"/api/webs?page=1&limit=10","timeStamp":"20/12/2023 15:59:54"}
{"method":"GET","url":"/api/webs/65790ed02e21d37111625b1d","timeStamp":"20/12/2023 15:59:56"}
{"method":"GET","url":"/api/webs?page=1&limit=10","timeStamp":"20/12/2023 16:00:06"}
{"method":"GET","url":"/api/webs/65790ed02e21d37111625b1d","timeStamp":"20/12/2023 16:00:06"}
{"method":"GET","url":"/api/webs?page=1&limit=10","timeStamp":"20/12/2023 16:00:12"}
{"method":"GET","url":"/api/webs/65790ed02e21d37111625b1d","timeStamp":"20/12/2023 16:00:12"}
{"method":"GET","url":"/api/webs?page=1&limit=10","timeStamp":"20/12/2023 16:00:30"}
{"method":"GET","url":"/api/webs/65790ed02e21d37111625b1d","timeStamp":"20/12/2023 16:00:30"}
{"method":"GET","url":"/api/webs?page=1&limit=10","timeStamp":"20/12/2023 16:00:59"}
{"method":"GET","url":"/api/webs/65790ed02e21d37111625b1d","timeStamp":"20/12/2023 16:00:59"}
{"method":"GET","url":"/api/webs?page=1&limit=10","timeStamp":"20/12/2023 16:01:09"}
{"method":"GET","url":"/api/webs/65790ed02e21d37111625b1d","timeStamp":"20/12/2023 16:01:09"}
{"method":"GET","url":"/api/webs?page=1&limit=10","timeStamp":"20/12/2023 16:01:16"}
{"method":"GET","url":"/api/webs/65790ed02e21d37111625b1d","timeStamp":"20/12/2023 16:01:16"}
{"method":"GET","url":"/api/webs?page=1&limit=10","timeStamp":"20/12/2023 16:01:39"}
{"method":"GET","url":"/api/webs/65790ed02e21d37111625b1d","timeStamp":"20/12/2023 16:01:39"}
{"method":"GET","url":"/api/webs?page=1&limit=10","timeStamp":"20/12/2023 16:01:55"}
{"method":"GET","url":"/api/webs/65790ed02e21d37111625b1d","timeStamp":"20/12/2023 16:01:55"}
{"method":"GET","url":"/api/webs?page=1&limit=10","timeStamp":"20/12/2023 16:02:07"}
{"method":"GET","url":"/api/webs/65790ed02e21d37111625b1d","timeStamp":"20/12/2023 16:02:07"}
{"method":"GET","url":"/api/webs?page=1&limit=10","timeStamp":"20/12/2023 16:02:20"}
{"method":"GET","url":"/api/webs/65790ed02e21d37111625b1d","timeStamp":"20/12/2023 16:02:20"}
{"method":"GET","url":"/api/webs?page=1&limit=10","timeStamp":"20/12/2023 16:02:28"}
{"method":"GET","url":"/api/webs/65790ed02e21d37111625b1d","timeStamp":"20/12/2023 16:02:28"}
{"method":"GET","url":"/api/webs?page=1&limit=10","timeStamp":"20/12/2023 16:02:30"}
{"method":"GET","url":"/api/webs/65790ed02e21d37111625b1d","timeStamp":"20/12/2023 16:02:30"}
{"method":"GET","url":"/api/webs?page=1&limit=10","timeStamp":"20/12/2023 16:02:36"}
{"method":"GET","url":"/api/webs/65790ed02e21d37111625b1d","timeStamp":"20/12/2023 16:02:36"}
{"method":"GET","url":"/api/webs?page=1&limit=10","timeStamp":"20/12/2023 16:02:45"}
{"method":"GET","url":"/api/webs/65790ed02e21d37111625b1d","timeStamp":"20/12/2023 16:02:45"}
{"method":"GET","url":"/api/webs?page=1&limit=10","timeStamp":"20/12/2023 16:03:02"}
{"method":"GET","url":"/api/webs/65790ed02e21d37111625b1d","timeStamp":"20/12/2023 16:03:02"}
{"method":"GET","url":"/api/webs?page=1&limit=10","timeStamp":"20/12/2023 16:03:24"}
{"method":"GET","url":"/api/webs/65790ed02e21d37111625b1d","timeStamp":"20/12/2023 16:03:24"}
{"method":"GET","url":"/api/webs?page=1&limit=10","timeStamp":"20/12/2023 16:03:43"}
{"method":"GET","url":"/api/webs/65790ed02e21d37111625b1d","timeStamp":"20/12/2023 16:03:43"}
{"method":"GET","url":"/api/webs?page=1&limit=10","timeStamp":"20/12/2023 16:03:46"}
{"method":"GET","url":"/api/webs/65790ed02e21d37111625b1d","timeStamp":"20/12/2023 16:03:46"}
{"method":"GET","url":"/api/webs?page=1&limit=10","timeStamp":"20/12/2023 16:03:53"}
{"method":"GET","url":"/api/webs/65790ed02e21d37111625b1d","timeStamp":"20/12/2023 16:03:53"}
{"method":"GET","url":"/api/webs?page=1&limit=10","timeStamp":"20/12/2023 16:03:56"}
{"method":"GET","url":"/api/webs/65790ed02e21d37111625b1d","timeStamp":"20/12/2023 16:03:56"}
{"method":"GET","url":"/api/webs?page=1&limit=10","timeStamp":"20/12/2023 16:04:00"}
{"method":"GET","url":"/api/webs/65790ed02e21d37111625b1d","timeStamp":"20/12/2023 16:04:00"}
{"method":"GET","url":"/api/webs?page=1&limit=10","timeStamp":"20/12/2023 16:04:27"}
{"method":"GET","url":"/api/webs/65790ed02e21d37111625b1d","timeStamp":"20/12/2023 16:04:27"}
{"method":"GET","url":"/api/webs/65790ed02e21d37111625b1d","timeStamp":"20/12/2023 16:04:31"}
{"method":"GET","url":"/api/webs/65790ed02e21d37111625b1d","timeStamp":"20/12/2023 16:05:43"}
{"method":"GET","url":"/api/webs/65790ed02e21d37111625b1d","timeStamp":"20/12/2023 16:05:51"}
{"method":"GET","url":"/api/webs/65790ed02e21d37111625b1d","timeStamp":"20/12/2023 16:06:06"}
{"method":"GET","url":"/api/webs/65790ed02e21d37111625b1d","timeStamp":"20/12/2023 16:06:27"}
{"method":"GET","url":"/api/webs/65790ed02e21d37111625b1d","timeStamp":"20/12/2023 16:06:29"}
{"method":"GET","url":"/api/webs/65790ed02e21d37111625b1d","timeStamp":"20/12/2023 16:06:31"}
{"method":"GET","url":"/api/webs/65790ed02e21d37111625b1d","timeStamp":"20/12/2023 16:06:33"}
{"method":"GET","url":"/api/webs/65790ed02e21d37111625b1d","timeStamp":"20/12/2023 16:06:51"}
{"method":"GET","url":"/api/webs/65790ed02e21d37111625b1d","timeStamp":"20/12/2023 16:06:56"}
{"method":"GET","url":"/api/webs/65790ed02e21d37111625b1d","timeStamp":"20/12/2023 16:06:57"}
{"method":"GET","url":"/api/webs/65790ed02e21d37111625b1d","timeStamp":"20/12/2023 16:07:38"}
{"method":"GET","url":"/api/webs/65790ed02e21d37111625b1d","timeStamp":"20/12/2023 16:07:40"}
{"method":"GET","url":"/api/webs/65790ed02e21d37111625b1d","timeStamp":"20/12/2023 16:07:41"}
{"method":"GET","url":"/api/webs/65790ed02e21d37111625b1d","timeStamp":"20/12/2023 16:07:44"}
{"method":"GET","url":"/api/webs/65790ed02e21d37111625b1d","timeStamp":"20/12/2023 16:07:46"}
{"method":"GET","url":"/api/webs?page=1&limit=10","timeStamp":"20/12/2023 16:07:52"}
{"method":"GET","url":"/api/webs/65790ed02e21d37111625b1d","timeStamp":"20/12/2023 16:07:52"}
{"method":"PATCH","url":"/api/webs/65790ed02e21d37111625b1d","timeStamp":"20/12/2023 16:07:52"}
{"method":"GET","url":"/api/webs?page=1&limit=10","timeStamp":"20/12/2023 16:07:54"}
{"method":"GET","url":"/api/webs?page=1&limit=10","timeStamp":"20/12/2023 16:08:21"}
{"method":"GET","url":"/api/webs?page=1&limit=10","timeStamp":"20/12/2023 16:09:04"}
{"method":"GET","url":"/api/webs/65791bbf00aec61fab57800a","timeStamp":"20/12/2023 16:09:05"}
{"method":"GET","url":"/api/webs/657fe6e27cb9a8667104867b","timeStamp":"20/12/2023 16:09:08"}
{"method":"GET","url":"/api/webs/657fe6e27cb9a8667104867b","timeStamp":"20/12/2023 16:09:11"}
{"method":"GET","url":"/api/webs/65791b7c00aec61fab577feb","timeStamp":"20/12/2023 16:09:13"}
{"method":"PATCH","url":"/api/webs/65791b7c00aec61fab577feb","timeStamp":"20/12/2023 16:09:16"}
{"method":"GET","url":"/api/webs?page=1&limit=10","timeStamp":"20/12/2023 16:09:17"}
{"method":"GET","url":"/api/webs/65791b7c00aec61fab577feb","timeStamp":"20/12/2023 16:09:19"}
{"method":"GET","url":"/api/webs?page=1&limit=10","timeStamp":"20/12/2023 16:11:56"}
{"method":"GET","url":"/api/webs/65791bbf00aec61fab57800a","timeStamp":"20/12/2023 16:11:58"}
{"method":"GET","url":"/api/webs/657fe6e27cb9a8667104867b","timeStamp":"20/12/2023 16:12:00"}
{"method":"GET","url":"/api/webs?page=1&limit=10","timeStamp":"20/12/2023 16:12:18"}
{"method":"GET","url":"/api/webs?page=1&limit=10","timeStamp":"20/12/2023 16:12:26"}
{"method":"GET","url":"/api/webs?page=1&limit=10","timeStamp":"20/12/2023 16:12:32"}
{"method":"GET","url":"/api/webs/65790ed02e21d37111625b1d","timeStamp":"20/12/2023 16:12:33"}
{"method":"GET","url":"/api/webs/65790ed02e21d37111625b1d","timeStamp":"20/12/2023 16:12:34"}
{"method":"GET","url":"/api/webs?page=1&limit=10","timeStamp":"20/12/2023 16:13:58"}
{"method":"GET","url":"/api/webs?page=1&limit=10","timeStamp":"20/12/2023 16:14:43"}
{"method":"GET","url":"/api/webs/65790ed02e21d37111625b1d","timeStamp":"20/12/2023 16:14:45"}
{"method":"GET","url":"/api/webs?page=1&limit=10","timeStamp":"20/12/2023 16:14:54"}
{"method":"GET","url":"/api/webs?page=1&limit=10","timeStamp":"20/12/2023 16:15:15"}
{"method":"GET","url":"/api/webs/65790ed02e21d37111625b1d","timeStamp":"20/12/2023 16:15:16"}
{"method":"GET","url":"/api/webs?page=1&limit=10","timeStamp":"20/12/2023 16:15:24"}
{"method":"GET","url":"/api/webs/65790ed02e21d37111625b1d","timeStamp":"20/12/2023 16:15:25"}
{"method":"GET","url":"/api/webs/65790ed02e21d37111625b1d","timeStamp":"20/12/2023 16:15:28"}
{"method":"GET","url":"/api/webs?page=1&limit=10","timeStamp":"20/12/2023 16:16:09"}
{"method":"GET","url":"/api/webs/65790ed02e21d37111625b1d","timeStamp":"20/12/2023 16:16:11"}
{"method":"GET","url":"/api/webs?page=1&limit=10","timeStamp":"20/12/2023 16:16:23"}
{"method":"GET","url":"/api/webs/65790ed02e21d37111625b1d","timeStamp":"20/12/2023 16:16:23"}
{"method":"GET","url":"/api/webs/65790ed02e21d37111625b1d","timeStamp":"20/12/2023 16:16:25"}
{"method":"GET","url":"/api/webs?page=1&limit=10","timeStamp":"20/12/2023 16:16:47"}
{"method":"GET","url":"/api/webs/65790ed02e21d37111625b1d","timeStamp":"20/12/2023 16:16:48"}
{"method":"GET","url":"/api/webs?page=1&limit=10","timeStamp":"20/12/2023 16:16:58"}
{"method":"GET","url":"/api/webs/65791b7c00aec61fab577feb","timeStamp":"20/12/2023 16:16:59"}
{"method":"GET","url":"/api/webs/65790ed02e21d37111625b1d","timeStamp":"20/12/2023 16:17:01"}
{"method":"GET","url":"/api/webs/65791bbf00aec61fab57800a","timeStamp":"20/12/2023 16:17:03"}
{"method":"GET","url":"/api/webs/657fe6e27cb9a8667104867b","timeStamp":"20/12/2023 16:17:05"}
{"method":"GET","url":"/api/webs/65790ed02e21d37111625b1d","timeStamp":"20/12/2023 16:17:09"}
{"method":"GET","url":"/api/webs?page=1&limit=10","timeStamp":"20/12/2023 16:17:13"}
{"method":"GET","url":"/api/webs/65791b7c00aec61fab577feb","timeStamp":"20/12/2023 16:17:14"}
{"method":"GET","url":"/api/webs?page=1&limit=10","timeStamp":"20/12/2023 16:17:16"}
{"method":"GET","url":"/api/webs/65791bbf00aec61fab57800a","timeStamp":"20/12/2023 16:17:17"}
{"method":"GET","url":"/api/webs/657fe6e27cb9a8667104867b","timeStamp":"20/12/2023 16:17:19"}
{"method":"GET","url":"/api/webs?page=1&limit=10","timeStamp":"20/12/2023 16:17:39"}
{"method":"GET","url":"/api/webs/65790ed02e21d37111625b1d","timeStamp":"20/12/2023 16:17:39"}
{"method":"GET","url":"/api/webs?page=1&limit=10","timeStamp":"20/12/2023 16:17:43"}
{"method":"GET","url":"/api/webs/","timeStamp":"20/12/2023 16:17:43"}
{"method":"GET","url":"/api/webs/65791b7c00aec61fab577feb","timeStamp":"20/12/2023 16:17:45"}
{"method":"GET","url":"/api/webs/65791bbf00aec61fab57800a","timeStamp":"20/12/2023 16:17:46"}
{"method":"GET","url":"/api/webs/657fe6e27cb9a8667104867b","timeStamp":"20/12/2023 16:17:48"}
{"method":"GET","url":"/api/webs?page=1&limit=10","timeStamp":"20/12/2023 16:17:52"}
{"method":"GET","url":"/api/webs/657fe6e27cb9a8667104867b","timeStamp":"20/12/2023 16:17:52"}
{"method":"GET","url":"/api/webs/65790ed02e21d37111625b1d","timeStamp":"20/12/2023 16:17:54"}
{"method":"GET","url":"/api/webs/65790ed02e21d37111625b1d","timeStamp":"20/12/2023 16:17:58"}
{"method":"GET","url":"/api/webs/65790ed02e21d37111625b1d","timeStamp":"20/12/2023 16:17:59"}
{"method":"GET","url":"/api/webs?page=1&limit=10","timeStamp":"20/12/2023 16:18:09"}
{"method":"GET","url":"/api/webs/65790ed02e21d37111625b1d","timeStamp":"20/12/2023 16:18:09"}
{"method":"GET","url":"/api/webs?page=1&limit=10","timeStamp":"20/12/2023 16:18:11"}
{"method":"GET","url":"/api/webs/65790ed02e21d37111625b1d","timeStamp":"20/12/2023 16:18:11"}
{"method":"GET","url":"/api/webs/657fe6e27cb9a8667104867b","timeStamp":"20/12/2023 16:18:12"}
{"method":"GET","url":"/api/webs/65791b7c00aec61fab577feb","timeStamp":"20/12/2023 16:18:13"}
{"method":"GET","url":"/api/webs/65790ed02e21d37111625b1d","timeStamp":"20/12/2023 16:18:15"}
{"method":"GET","url":"/api/webs/65791bbf00aec61fab57800a","timeStamp":"20/12/2023 16:18:17"}
{"method":"GET","url":"/api/webs?page=1&limit=10","timeStamp":"20/12/2023 16:18:35"}
{"method":"GET","url":"/api/webs/65791bbf00aec61fab57800a","timeStamp":"20/12/2023 16:18:35"}
{"method":"GET","url":"/api/webs/657fe6e27cb9a8667104867b","timeStamp":"20/12/2023 16:18:38"}
{"method":"GET","url":"/api/webs?page=1&limit=10","timeStamp":"20/12/2023 16:18:47"}
{"method":"GET","url":"/api/webs/657fe6e27cb9a8667104867b","timeStamp":"20/12/2023 16:18:47"}
{"method":"GET","url":"/api/webs/65791bbf00aec61fab57800a","timeStamp":"20/12/2023 16:18:48"}
{"method":"GET","url":"/api/webs/657fe6e27cb9a8667104867b","timeStamp":"20/12/2023 16:18:50"}
{"method":"GET","url":"/api/webs?page=1&limit=10","timeStamp":"20/12/2023 16:19:01"}
{"method":"GET","url":"/api/webs/657fe6e27cb9a8667104867b","timeStamp":"20/12/2023 16:19:01"}
{"method":"GET","url":"/api/webs/65791bbf00aec61fab57800a","timeStamp":"20/12/2023 16:19:02"}
{"method":"GET","url":"/api/webs/65791b7c00aec61fab577feb","timeStamp":"20/12/2023 16:19:03"}
{"method":"GET","url":"/api/webs/65790ed02e21d37111625b1d","timeStamp":"20/12/2023 16:19:05"}
{"method":"GET","url":"/api/webs?page=1&limit=10","timeStamp":"20/12/2023 16:19:33"}
{"method":"GET","url":"/api/webs/65790ed02e21d37111625b1d","timeStamp":"20/12/2023 16:19:33"}
{"method":"GET","url":"/api/webs?page=1&limit=10","timeStamp":"20/12/2023 16:20:51"}
{"method":"GET","url":"/api/webs/65790ed02e21d37111625b1d","timeStamp":"20/12/2023 16:20:51"}
{"method":"GET","url":"/api/webs/65791b7c00aec61fab577feb","timeStamp":"20/12/2023 16:20:52"}
{"method":"GET","url":"/api/webs/65790ed02e21d37111625b1d","timeStamp":"20/12/2023 16:20:54"}
{"method":"GET","url":"/api/webs/65791bbf00aec61fab57800a","timeStamp":"20/12/2023 16:20:55"}
{"method":"GET","url":"/api/webs?page=1&limit=10","timeStamp":"20/12/2023 16:21:01"}
{"method":"GET","url":"/api/webs/65791bbf00aec61fab57800a","timeStamp":"20/12/2023 16:21:01"}
{"method":"GET","url":"/api/webs?page=1&limit=10","timeStamp":"20/12/2023 16:21:08"}
{"method":"GET","url":"/api/webs/65791bbf00aec61fab57800a","timeStamp":"20/12/2023 16:21:08"}
{"method":"GET","url":"/api/webs/657fe6e27cb9a8667104867b","timeStamp":"20/12/2023 16:21:08"}
{"method":"GET","url":"/api/webs?page=1&limit=10","timeStamp":"20/12/2023 16:21:13"}
{"method":"GET","url":"/api/webs/657fe6e27cb9a8667104867b","timeStamp":"20/12/2023 16:21:13"}
{"method":"GET","url":"/api/webs/65791bbf00aec61fab57800a","timeStamp":"20/12/2023 16:21:14"}
{"method":"GET","url":"/api/webs?page=1&limit=10","timeStamp":"20/12/2023 16:21:18"}
{"method":"GET","url":"/api/webs/65791bbf00aec61fab57800a","timeStamp":"20/12/2023 16:21:18"}
{"method":"GET","url":"/api/webs?page=1&limit=10","timeStamp":"20/12/2023 16:21:21"}
{"method":"GET","url":"/api/webs/65791bbf00aec61fab57800a","timeStamp":"20/12/2023 16:21:21"}
{"method":"GET","url":"/api/webs?page=1&limit=10","timeStamp":"20/12/2023 16:21:23"}
{"method":"GET","url":"/api/webs/65791bbf00aec61fab57800a","timeStamp":"20/12/2023 16:21:23"}
{"method":"GET","url":"/api/webs?page=1&limit=10","timeStamp":"20/12/2023 16:21:26"}
{"method":"GET","url":"/api/webs/65791bbf00aec61fab57800a","timeStamp":"20/12/2023 16:21:26"}
{"method":"GET","url":"/api/webs?page=1&limit=10","timeStamp":"20/12/2023 16:22:34"}
{"method":"GET","url":"/api/webs/65791bbf00aec61fab57800a","timeStamp":"20/12/2023 16:22:34"}
{"method":"GET","url":"/api/webs?page=1&limit=10","timeStamp":"20/12/2023 16:23:07"}
{"method":"GET","url":"/api/webs/65791bbf00aec61fab57800a","timeStamp":"20/12/2023 16:23:07"}
{"method":"GET","url":"/api/webs/65790ed02e21d37111625b1d","timeStamp":"20/12/2023 16:23:11"}
{"method":"GET","url":"/api/webs?page=1&limit=10","timeStamp":"20/12/2023 16:23:17"}
{"method":"GET","url":"/api/webs/65790ed02e21d37111625b1d","timeStamp":"20/12/2023 16:23:17"}
{"method":"GET","url":"/api/webs/65791b7c00aec61fab577feb","timeStamp":"20/12/2023 16:23:18"}
{"method":"GET","url":"/api/webs/65790ed02e21d37111625b1d","timeStamp":"20/12/2023 16:23:20"}
{"method":"GET","url":"/api/webs/65790ed02e21d37111625b1d","timeStamp":"20/12/2023 16:23:28"}
{"method":"GET","url":"/api/webs?page=1&limit=10","timeStamp":"20/12/2023 16:23:28"}
{"method":"GET","url":"/api/webs?page=1&limit=10","timeStamp":"20/12/2023 16:23:29"}
{"method":"GET","url":"/api/webs?page=1&limit=10","timeStamp":"20/12/2023 16:24:01"}
{"method":"GET","url":"/api/webs?page=1&limit=10","timeStamp":"20/12/2023 16:24:05"}
{"method":"GET","url":"/api/webs/","timeStamp":"20/12/2023 16:24:05"}
{"method":"GET","url":"/api/webs?page=1&limit=10","timeStamp":"20/12/2023 16:24:11"}
{"method":"GET","url":"/api/webs?page=1&limit=10","timeStamp":"20/12/2023 16:24:22"}
{"method":"GET","url":"/api/webs/","timeStamp":"20/12/2023 16:24:47"}
{"method":"GET","url":"/api/webs?page=1&limit=10","timeStamp":"20/12/2023 16:24:47"}
{"method":"GET","url":"/api/webs?page=1&limit=10","timeStamp":"20/12/2023 16:24:50"}
{"method":"GET","url":"/api/webs?page=1&limit=10","timeStamp":"20/12/2023 16:25:01"}
{"method":"GET","url":"/api/webs/","timeStamp":"20/12/2023 16:27:20"}
{"method":"GET","url":"/api/webs?page=1&limit=10","timeStamp":"20/12/2023 16:27:20"}
{"method":"GET","url":"/api/webs/65790ed02e21d37111625b1d","timeStamp":"20/12/2023 16:27:21"}
{"method":"GET","url":"/api/webs/65790ed02e21d37111625b1d","timeStamp":"20/12/2023 16:27:54"}
{"method":"GET","url":"/api/webs/65790ed02e21d37111625b1d","timeStamp":"20/12/2023 16:28:05"}
{"method":"GET","url":"/api/webs/65790ed02e21d37111625b1d","timeStamp":"20/12/2023 16:28:06"}
{"method":"GET","url":"/api/webs?page=1&limit=10","timeStamp":"20/12/2023 16:28:06"}
{"method":"GET","url":"/api/webs?page=1&limit=10","timeStamp":"20/12/2023 16:28:10"}
{"method":"GET","url":"/api/webs/65790ed02e21d37111625b1d","timeStamp":"20/12/2023 16:28:10"}
{"method":"GET","url":"/api/employees?page=1&limit=10","timeStamp":"20/12/2023 16:28:10"}
{"method":"GET","url":"/api/webs/","timeStamp":"20/12/2023 16:28:12"}
{"method":"GET","url":"/api/webs?page=1&limit=10","timeStamp":"20/12/2023 16:28:12"}
{"method":"GET","url":"/api/webs/65790ed02e21d37111625b1d","timeStamp":"20/12/2023 16:28:13"}
{"method":"GET","url":"/api/webs/65790ed02e21d37111625b1d","timeStamp":"20/12/2023 16:28:19"}
{"method":"GET","url":"/api/webs/65790ed02e21d37111625b1d","timeStamp":"20/12/2023 16:28:19"}
{"method":"GET","url":"/api/webs?page=1&limit=10","timeStamp":"20/12/2023 16:28:20"}
{"method":"GET","url":"/api/webs/65790ed02e21d37111625b1d","timeStamp":"20/12/2023 16:28:29"}
{"method":"GET","url":"/api/webs?page=1&limit=10","timeStamp":"20/12/2023 16:28:29"}
{"method":"GET","url":"/api/webs/","timeStamp":"20/12/2023 16:28:48"}
{"method":"GET","url":"/api/webs?page=1&limit=10","timeStamp":"20/12/2023 16:28:48"}
{"method":"GET","url":"/api/webs/","timeStamp":"20/12/2023 16:29:15"}
{"method":"GET","url":"/api/webs/","timeStamp":"20/12/2023 16:29:17"}
{"method":"GET","url":"/api/webs?page=1&limit=10","timeStamp":"20/12/2023 16:29:17"}
{"method":"GET","url":"/api/webs/65790ed02e21d37111625b1d","timeStamp":"20/12/2023 16:29:18"}
{"method":"GET","url":"/api/webs/65790ed02e21d37111625b1d","timeStamp":"20/12/2023 16:29:26"}
{"method":"GET","url":"/api/webs?page=1&limit=10","timeStamp":"20/12/2023 16:29:30"}
{"method":"GET","url":"/api/webs?page=1&limit=10","timeStamp":"20/12/2023 16:29:33"}
{"method":"GET","url":"/api/webs/65790ed02e21d37111625b1d","timeStamp":"20/12/2023 16:29:33"}
{"method":"GET","url":"/api/webs?page=1&limit=10","timeStamp":"20/12/2023 16:29:40"}
{"method":"GET","url":"/api/webs/65790ed02e21d37111625b1d","timeStamp":"20/12/2023 16:29:40"}
{"method":"GET","url":"/api/webs/65791b7c00aec61fab577feb","timeStamp":"20/12/2023 16:30:04"}
{"method":"PATCH","url":"/api/webs/65791b7c00aec61fab577feb","timeStamp":"20/12/2023 16:30:06"}
{"method":"GET","url":"/api/webs?page=1&limit=10","timeStamp":"20/12/2023 16:30:07"}
{"method":"GET","url":"/api/webs/65791b7c00aec61fab577feb","timeStamp":"20/12/2023 16:30:13"}
{"method":"GET","url":"/api/webs/65791b7c00aec61fab577feb","timeStamp":"20/12/2023 16:30:14"}
{"method":"GET","url":"/api/webs?page=1&limit=10","timeStamp":"20/12/2023 16:30:36"}
{"method":"GET","url":"/api/webs/65791b7c00aec61fab577feb","timeStamp":"20/12/2023 16:30:36"}
{"method":"PATCH","url":"/api/webs/65791b7c00aec61fab577feb","timeStamp":"20/12/2023 16:30:40"}
{"method":"GET","url":"/api/webs?page=1&limit=10","timeStamp":"20/12/2023 16:30:41"}
{"method":"GET","url":"/api/webs?page=1&limit=10","timeStamp":"20/12/2023 16:30:43"}
{"method":"GET","url":"/api/webs/65791b7c00aec61fab577feb","timeStamp":"20/12/2023 16:30:46"}
{"method":"GET","url":"/api/webs/65791b7c00aec61fab577feb","timeStamp":"20/12/2023 16:30:49"}
{"method":"GET","url":"/api/webs?page=1&limit=10","timeStamp":"20/12/2023 16:30:54"}
{"method":"GET","url":"/api/webs?page=1&limit=10","timeStamp":"20/12/2023 16:30:55"}
{"method":"GET","url":"/api/webs/65791b7c00aec61fab577feb","timeStamp":"20/12/2023 16:30:56"}
{"method":"GET","url":"/api/webs/65791b7c00aec61fab577feb","timeStamp":"20/12/2023 16:30:57"}
{"method":"GET","url":"/api/webs?page=1&limit=10","timeStamp":"20/12/2023 16:30:57"}
{"method":"GET","url":"/api/webs/657fe6e27cb9a8667104867b","timeStamp":"20/12/2023 16:30:59"}
{"method":"PATCH","url":"/api/webs/657fe6e27cb9a8667104867b","timeStamp":"20/12/2023 16:31:00"}
{"method":"GET","url":"/api/webs?page=1&limit=10","timeStamp":"20/12/2023 16:31:01"}
{"method":"GET","url":"/api/webs/657fe6e27cb9a8667104867b","timeStamp":"20/12/2023 16:31:10"}
{"method":"GET","url":"/api/webs/657fe6e27cb9a8667104867b","timeStamp":"20/12/2023 16:31:11"}
{"method":"GET","url":"/api/webs/657fe6e27cb9a8667104867b","timeStamp":"20/12/2023 16:31:13"}
{"method":"GET","url":"/api/webs/657fe6e27cb9a8667104867b","timeStamp":"20/12/2023 16:31:15"}
{"method":"GET","url":"/api/webs/657fe6e27cb9a8667104867b","timeStamp":"20/12/2023 16:31:17"}
{"method":"GET","url":"/api/webs/657fe6e27cb9a8667104867b","timeStamp":"20/12/2023 16:31:20"}
{"method":"GET","url":"/api/webs/657fe6e27cb9a8667104867b","timeStamp":"20/12/2023 16:31:20"}
{"method":"GET","url":"/api/webs?page=1&limit=10","timeStamp":"20/12/2023 16:31:21"}
{"method":"PATCH","url":"/api/webs/657fe6e27cb9a8667104867b","timeStamp":"20/12/2023 16:31:23"}
{"method":"GET","url":"/api/webs?page=1&limit=10","timeStamp":"20/12/2023 16:31:25"}
{"method":"GET","url":"/api/webs/657fe6e27cb9a8667104867b","timeStamp":"20/12/2023 16:31:25"}
{"method":"GET","url":"/api/webs/657fe6e27cb9a8667104867b","timeStamp":"20/12/2023 16:31:27"}
{"method":"GET","url":"/api/webs?page=1&limit=10","timeStamp":"20/12/2023 16:31:27"}
{"method":"GET","url":"/api/webs/657fe6e27cb9a8667104867b","timeStamp":"20/12/2023 16:31:34"}
{"method":"GET","url":"/api/webs/657fe6e27cb9a8667104867b","timeStamp":"20/12/2023 16:31:36"}
{"method":"GET","url":"/api/webs/657fe6e27cb9a8667104867b","timeStamp":"20/12/2023 16:31:37"}
{"method":"GET","url":"/api/webs?page=1&limit=10","timeStamp":"20/12/2023 16:31:56"}
{"method":"GET","url":"/api/webs/657fe6e27cb9a8667104867b","timeStamp":"20/12/2023 16:31:56"}
{"method":"GET","url":"/api/webs?page=1&limit=10","timeStamp":"20/12/2023 16:32:02"}
{"method":"GET","url":"/api/webs/657fe6e27cb9a8667104867b","timeStamp":"20/12/2023 16:32:02"}
{"method":"GET","url":"/api/webs?page=1&limit=10","timeStamp":"20/12/2023 16:33:51"}
{"method":"GET","url":"/api/webs/657fe6e27cb9a8667104867b","timeStamp":"20/12/2023 16:33:51"}
{"method":"GET","url":"/api/webs/","timeStamp":"20/12/2023 16:36:23"}
{"method":"GET","url":"/api/webs?page=1&limit=10","timeStamp":"20/12/2023 16:36:23"}
{"method":"GET","url":"/api/webs/","timeStamp":"20/12/2023 16:36:58"}
{"method":"GET","url":"/api/webs/","timeStamp":"20/12/2023 16:37:03"}
{"method":"GET","url":"/api/webs/","timeStamp":"20/12/2023 16:37:04"}
{"method":"GET","url":"/api/webs?page=1&limit=10","timeStamp":"20/12/2023 16:37:27"}
{"method":"GET","url":"/api/webs/","timeStamp":"20/12/2023 16:37:27"}
{"method":"GET","url":"/api/webs/65790ed02e21d37111625b1d","timeStamp":"20/12/2023 16:37:29"}
{"method":"GET","url":"/api/webs/65790ed02e21d37111625b1d","timeStamp":"20/12/2023 16:37:57"}
{"method":"GET","url":"/api/webs?page=1&limit=10","timeStamp":"20/12/2023 16:37:57"}
{"method":"GET","url":"/api/webs?page=1&limit=10","timeStamp":"20/12/2023 16:38:51"}
{"method":"GET","url":"/api/webs/65790ed02e21d37111625b1d","timeStamp":"20/12/2023 16:38:51"}
{"method":"PATCH","url":"/api/webs/65790ed02e21d37111625b1d","timeStamp":"20/12/2023 16:38:53"}
{"method":"GET","url":"/api/webs?page=1&limit=10","timeStamp":"20/12/2023 16:38:54"}
{"method":"GET","url":"/api/webs?page=1&limit=10","timeStamp":"20/12/2023 16:39:03"}
{"method":"GET","url":"/api/webs/65790ed02e21d37111625b1d","timeStamp":"20/12/2023 16:39:03"}
{"method":"GET","url":"/api/webs?page=1&limit=10","timeStamp":"20/12/2023 16:39:13"}
{"method":"GET","url":"/api/webs/65790ed02e21d37111625b1d","timeStamp":"20/12/2023 16:39:13"}
{"method":"GET","url":"/api/webs?page=1&limit=10","timeStamp":"20/12/2023 16:40:27"}
{"method":"GET","url":"/api/webs/65790ed02e21d37111625b1d","timeStamp":"20/12/2023 16:40:27"}
{"method":"GET","url":"/api/webs/65791b7c00aec61fab577feb","timeStamp":"20/12/2023 16:40:28"}
{"method":"PATCH","url":"/api/webs/65791b7c00aec61fab577feb","timeStamp":"20/12/2023 16:40:29"}
{"method":"GET","url":"/api/webs?page=1&limit=10","timeStamp":"20/12/2023 16:40:30"}
{"method":"GET","url":"/api/webs?page=1&limit=10","timeStamp":"20/12/2023 16:40:36"}
{"method":"GET","url":"/api/webs/65791b7c00aec61fab577feb","timeStamp":"20/12/2023 16:40:37"}
{"method":"GET","url":"/api/webs/65790ed02e21d37111625b1d","timeStamp":"20/12/2023 16:40:37"}
{"method":"PATCH","url":"/api/webs/65790ed02e21d37111625b1d","timeStamp":"20/12/2023 16:40:38"}
{"method":"GET","url":"/api/webs?page=1&limit=10","timeStamp":"20/12/2023 16:40:39"}
{"method":"GET","url":"/api/webs/65790ed02e21d37111625b1d","timeStamp":"20/12/2023 16:40:42"}
{"method":"GET","url":"/api/webs?page=1&limit=10","timeStamp":"20/12/2023 16:40:42"}
{"method":"GET","url":"/api/webs/65790ed02e21d37111625b1d","timeStamp":"20/12/2023 16:40:49"}
{"method":"GET","url":"/api/webs?page=1&limit=10","timeStamp":"20/12/2023 16:40:49"}
{"method":"GET","url":"/api/webs/65790ed02e21d37111625b1d","timeStamp":"20/12/2023 16:42:13"}
{"method":"GET","url":"/api/webs/","timeStamp":"20/12/2023 16:42:16"}
{"method":"GET","url":"/api/webs?page=1&limit=10","timeStamp":"20/12/2023 16:42:16"}
{"method":"GET","url":"/api/webs/","timeStamp":"20/12/2023 16:42:20"}
{"method":"GET","url":"/api/webs?page=1&limit=10","timeStamp":"20/12/2023 16:42:20"}
{"method":"GET","url":"/api/webs/","timeStamp":"20/12/2023 16:43:51"}
{"method":"GET","url":"/api/webs?page=1&limit=10","timeStamp":"20/12/2023 16:43:51"}
{"method":"GET","url":"/api/webs/65790ed02e21d37111625b1d","timeStamp":"20/12/2023 16:43:54"}
{"method":"GET","url":"/api/webs/65790ed02e21d37111625b1d","timeStamp":"20/12/2023 16:44:15"}
{"method":"GET","url":"/api/webs/65790ed02e21d37111625b1d","timeStamp":"20/12/2023 16:44:17"}
{"method":"GET","url":"/api/webs/65790ed02e21d37111625b1d","timeStamp":"20/12/2023 16:44:22"}
{"method":"GET","url":"/api/webs?page=1&limit=10","timeStamp":"20/12/2023 16:44:23"}
{"method":"GET","url":"/api/webs/65790ed02e21d37111625b1d","timeStamp":"20/12/2023 16:44:23"}
{"method":"GET","url":"/api/webs/65791bbf00aec61fab57800a","timeStamp":"20/12/2023 16:44:24"}
{"method":"GET","url":"/api/webs/65791bbf00aec61fab57800a","timeStamp":"20/12/2023 16:44:30"}
{"method":"GET","url":"/api/webs?page=1&limit=10","timeStamp":"20/12/2023 16:44:30"}
{"method":"GET","url":"/api/webs/657fe6e27cb9a8667104867b","timeStamp":"20/12/2023 16:44:33"}
{"method":"GET","url":"/api/webs/657fe6e27cb9a8667104867b","timeStamp":"20/12/2023 16:44:37"}
{"method":"GET","url":"/api/webs?page=1&limit=10","timeStamp":"20/12/2023 16:44:37"}
{"method":"GET","url":"/api/webs?page=1&limit=10","timeStamp":"20/12/2023 16:44:53"}
{"method":"GET","url":"/api/webs/657fe6e27cb9a8667104867b","timeStamp":"20/12/2023 16:44:53"}
{"method":"GET","url":"/api/webs/657fe6e27cb9a8667104867b","timeStamp":"20/12/2023 16:45:02"}
{"method":"GET","url":"/api/webs/","timeStamp":"20/12/2023 16:45:13"}
{"method":"GET","url":"/api/webs?page=1&limit=10","timeStamp":"20/12/2023 16:45:13"}
{"method":"GET","url":"/api/webs?page=1&limit=10","timeStamp":"20/12/2023 16:47:38"}
{"method":"GET","url":"/api/webs/","timeStamp":"20/12/2023 16:47:38"}
{"method":"GET","url":"/api/webs?page=1&limit=10000000000","timeStamp":"20/12/2023 16:47:40"}
{"method":"GET","url":"/api/vouchers?page=1&limit=10","timeStamp":"20/12/2023 16:47:40"}
{"method":"GET","url":"/api/employees?page=1&limit=10","timeStamp":"20/12/2023 16:47:43"}
{"method":"GET","url":"/api/vouchers?page=1&limit=10","timeStamp":"20/12/2023 16:47:45"}
{"method":"GET","url":"/api/webs?page=1&limit=10000000000","timeStamp":"20/12/2023 16:47:45"}
{"method":"GET","url":"/api/webs?page=1&limit=10","timeStamp":"20/12/2023 16:47:46"}
{"method":"GET","url":"/api/webs/","timeStamp":"20/12/2023 16:47:46"}
{"method":"GET","url":"/api/customers?page=1&limit=10","timeStamp":"20/12/2023 16:47:47"}
{"method":"GET","url":"/api/employees?page=1&limit=10","timeStamp":"20/12/2023 16:47:49"}
{"method":"GET","url":"/api/employees?page=1&limit=10","timeStamp":"20/12/2023 16:47:51"}
{"method":"GET","url":"/api/webs?page=1&limit=10000000000","timeStamp":"20/12/2023 16:47:53"}
{"method":"GET","url":"/api/vouchers?page=1&limit=10","timeStamp":"20/12/2023 16:47:53"}
{"method":"GET","url":"/api/employees?page=1&limit=10","timeStamp":"20/12/2023 16:47:55"}
{"method":"GET","url":"/api/webs/","timeStamp":"20/12/2023 16:48:06"}
{"method":"GET","url":"/api/webs?page=1&limit=10","timeStamp":"20/12/2023 16:48:06"}
{"method":"GET","url":"/api/webs/65791bbf00aec61fab57800a","timeStamp":"20/12/2023 16:48:08"}
{"method":"GET","url":"/api/employees?page=1&limit=10","timeStamp":"20/12/2023 16:48:10"}
{"method":"GET","url":"/api/employees?page=1&limit=10","timeStamp":"20/12/2023 16:48:26"}
{"method":"GET","url":"/api/employees?page=1&limit=10","timeStamp":"20/12/2023 16:49:44"}
{"method":"GET","url":"/api/webs?page=1&limit=10000000000","timeStamp":"20/12/2023 16:49:55"}
{"method":"GET","url":"/api/vouchers?page=1&limit=10","timeStamp":"20/12/2023 16:49:55"}
{"method":"GET","url":"/api/employees?page=1&limit=10","timeStamp":"20/12/2023 16:49:58"}
{"method":"GET","url":"/api/webs?page=1&limit=10000000000","timeStamp":"20/12/2023 16:50:11"}
{"method":"GET","url":"/api/vouchers?page=1&limit=10","timeStamp":"20/12/2023 16:50:11"}
{"method":"GET","url":"/api/employees?page=1&limit=10","timeStamp":"20/12/2023 16:50:14"}
{"method":"GET","url":"/api/webs?page=1&limit=10000000000","timeStamp":"20/12/2023 16:50:15"}
{"method":"GET","url":"/api/vouchers?page=1&limit=10","timeStamp":"20/12/2023 16:50:15"}
{"method":"GET","url":"/api/webs?page=1&limit=10000000000","timeStamp":"20/12/2023 16:50:21"}
{"method":"GET","url":"/api/vouchers?page=1&limit=10","timeStamp":"20/12/2023 16:50:21"}
{"method":"GET","url":"/api/employees?page=1&limit=10","timeStamp":"20/12/2023 16:50:22"}
{"method":"GET","url":"/api/webs/","timeStamp":"20/12/2023 16:50:25"}
{"method":"GET","url":"/api/webs?page=1&limit=10","timeStamp":"20/12/2023 16:50:25"}
{"method":"GET","url":"/api/webs?page=1&limit=10","timeStamp":"20/12/2023 16:54:12"}
{"method":"GET","url":"/api/webs?page=1&limit=10","timeStamp":"20/12/2023 16:54:14"}
{"method":"GET","url":"/api/webs?page=1&limit=10","timeStamp":"20/12/2023 16:54:21"}
{"method":"GET","url":"/api/webs?page=1&limit=10","timeStamp":"20/12/2023 16:58:14"}
{"method":"GET","url":"/api/webs/","timeStamp":"20/12/2023 16:58:14"}
