{"method":"POST","url":"/api/vouchers","timeStamp":"12/12/2023 16:36:09"}
{"method":"POST","url":"/api/webs","timeStamp":"12/12/2023 16:44:52"}
{"method":"POST","url":"/api/vouchers","timeStamp":"12/12/2023 16:47:50"}
{"message":"Tạo người dùng thất bại, vui lòng thử lại","method":"POST","url":"/api/vouchers","timeStamp":"12/12/2023 16:47:50"}
{"method":"POST","url":"/api/vouchers","timeStamp":"12/12/2023 16:48:53"}
{"method":"POST","url":"/api/vouchers","timeStamp":"12/12/2023 16:54:29"}
{"message":"Tạo voucher thất bại","method":"POST","url":"/api/vouchers","timeStamp":"12/12/2023 16:54:29"}
{"method":"POST","url":"/api/vouchers","timeStamp":"12/12/2023 16:54:33"}
{"method":"POST","url":"/api/vouchers","timeStamp":"12/12/2023 16:55:05"}
{"message":"Không tìm thấy item với Id:65782b942cd86b3d121cf5924","method":"POST","url":"/api/vouchers","timeStamp":"12/12/2023 16:55:05"}
{"method":"POST","url":"/api/vouchers","timeStamp":"12/12/2023 16:55:19"}
{"message":"Không tìm thấy item với Id:65782b942cd86b3d121cf594aa","method":"POST","url":"/api/vouchers","timeStamp":"12/12/2023 16:55:19"}
{"method":"POST","url":"/api/vouchers","timeStamp":"12/12/2023 16:55:23"}
{"message":"Nguồn sự kiện không tồn tại","method":"POST","url":"/api/vouchers","timeStamp":"12/12/2023 16:55:25"}
{"method":"POST","url":"/api/vouchers","timeStamp":"12/12/2023 16:55:29"}
{"method":"POST","url":"/api/vouchers","timeStamp":"12/12/2023 16:56:48"}
{"method":"POST","url":"/api/vouchers","timeStamp":"12/12/2023 16:57:04"}
{"method":"POST","url":"/api/vouchers","timeStamp":"12/12/2023 16:58:08"}
{"method":"POST","url":"/api/vouchers","timeStamp":"12/12/2023 16:58:12"}
{"method":"POST","url":"/api/vouchers","timeStamp":"12/12/2023 16:59:20"}
{"method":"POST","url":"/api/vouchers","timeStamp":"12/12/2023 16:59:22"}
{"method":"POST","url":"/api/vouchers","timeStamp":"12/12/2023 17:00:55"}
{"message":"Tạo voucher thất bại","method":"POST","url":"/api/vouchers","timeStamp":"12/12/2023 17:00:56"}
{"method":"POST","url":"/api/vouchers","timeStamp":"12/12/2023 17:01:00"}
{"message":"Tạo voucher thất bại","method":"POST","url":"/api/vouchers","timeStamp":"12/12/2023 17:01:00"}
{"method":"POST","url":"/api/vouchers","timeStamp":"12/12/2023 17:01:30"}
{"message":"Tạo voucher thất bại","method":"POST","url":"/api/vouchers","timeStamp":"12/12/2023 17:01:34"}
